INFO - The log file will be saved in the file './output/log/None.log'.
INFO - ==================== Setting Random Seed ====================
INFO - Set random seed to 42
INFO - cudnn.deterministic set to True, cudnn.benchmark set to False
INFO - Note: This setting may lead to slow training speed, but ensures reproducibility.
INFO - Random seed set successfully.
INFO - Full config saved to ./output/food5/af_net/food5_af_net/config.json
INFO - AF_NET:
  SCALE: 2.0
AMP: false
AUG:
  AUTO_AUGMENT: rand-m9-mstd0.5-inc1
  COLOR_JITTER: 0.4
  CUTMIX: 1.0
  CUTMIX_MINMAX: null
  MESA: 1.0
  MIXUP: 0.8
  MIXUP_MODE: batch
  MIXUP_PROB: 1.0
  MIXUP_SWITCH_PROB: 0.5
  RECOUNT: 1
  REMODE: pixel
  REPROB: 0.25
BASE:
- ''
CGVIT:
  SCALE: s1
COMMON:
  CUDNN_DBENCHMARK: false
  CUDNN_DETERMINISTIC: true
  SEED: 42
DATA:
  BATCH_SIZE: 16
  DATASET: FOOD5
  DATA_PATH: /home/zxy/code/dataset/food5/
  IMAGE_SIZE: 224
  IMG_SIZE: 224
  NUM_WORKERS: 8
  PIN_MEMORY: true
EHFR_NET:
  SCALE: 1.0
EVAL_MODE: false
GS_NET:
  SCALE: 1.0
LOCAL_RANK: 0
MOBILEVITV2:
  SCALE: 1.0
MODEL:
  DROP_PATH_RATE: 0.1
  DROP_RATE: 0.0
  LABEL_SMOOTHING: 0.1
  NAME: af_net
  NUM_CLASSES: 101
  RESUME: ''
OUTPUT: ./output/food5/af_net/food5_af_net
PRINT_FREQ: 100
SAVE_FREQ: 100
TAG: food5_af_net
TEST:
  CROP: true
THROUGHPUT_MODE: false
TRAIN:
  AUTO_RESUME: true
  BASE_LR: 1.5625e-05
  CLIP_GRAD: 5.0
  COOLDOWN_EPOCHS: 0
  EPOCHS: 300
  LR_SCHEDULER:
    DECAY_EPOCHS: 30
    DECAY_RATE: 0.1
    NAME: cosine
  MIN_LR: 1.5625e-07
  OPTIMIZER:
    BETAS:
    - 0.9
    - 0.999
    EPS: 1.0e-08
    MOMENTUM: 0.9
    NAME: adamw
  START_EPOCH: 0
  USE_CHECKPOINT: false
  WARMUP_EPOCHS: 20
  WARMUP_LR: 1.5625e-08
  WEIGHT_DECAY: 0.05

INFO - Building dataset with default transform.
INFO - Successfully build train dataset
INFO - Building dataset with default transform.
INFO - Successfully build val dataset
INFO - Creating model:af_net
INFO - MobileAggregate(
  (head): Sequential(
    (0): AggregateBlock(
      (agt_height): AggregateLayer(
        (linear_layer): Conv1d(3, 3, kernel_size=(1,), stride=(1,), groups=3, bias=False)
      )
      (agt_width): AggregateLayer(
        (linear_layer): Conv1d(3, 3, kernel_size=(1,), stride=(1,), groups=3, bias=False)
      )
      (norm_layer): BatchNorm2d(3, eps=1e-05, momentum=0.1, affine=True, track_running_stats=True)
    )
    (1): Conv2d(3, 16, kernel_size=(3, 3), stride=(2, 2), padding=(1, 1))
    (2): BatchNorm2d(16, eps=1e-05, momentum=0.1, affine=True, track_running_stats=True)
    (3): Hardswish()
  )
  (body): Sequential(
    (layer1): Sequential(
      (ms_s_1_idx-0): LocalGlobalAggregate(
        (loc): InvertedResidual(
          (block): Sequential(
            (0): Sequential(
              (0): Conv2d(16, 16, kernel_size=(3, 3), stride=(1, 1), padding=(1, 1), groups=16, bias=False)
              (1): BatchNorm2d(16, eps=1e-05, momentum=0.1, affine=True, track_running_stats=True)
              (2): HardSwish(
                (act): Hardswish()
              )
            )
            (1): Sequential(
              (0): Conv2d(16, 32, kernel_size=(1, 1), stride=(1, 1), bias=False)
              (1): BatchNorm2d(32, eps=1e-05, momentum=0.1, affine=True, track_running_stats=True)
            )
          )
        )
        (agt): AggregateBlock(
          (agt_height): AggregateLayer(
            (linear_layer): Conv1d(16, 16, kernel_size=(1,), stride=(1,), groups=16, bias=False)
          )
          (agt_width): AggregateLayer(
            (linear_layer): Conv1d(16, 16, kernel_size=(1,), stride=(1,), groups=16, bias=False)
          )
          (norm_layer): BatchNorm2d(16, eps=1e-05, momentum=0.1, affine=True, track_running_stats=True)
        )
      )
    )
    (layer2): Sequential(
      (ms_s_2_idx-0): LocalGlobalAggregate(
        (loc): InvertedResidual(
          (block): Sequential(
            (0): Sequential(
              (0): Conv2d(32, 128, kernel_size=(1, 1), stride=(1, 1), bias=False)
              (1): BatchNorm2d(128, eps=1e-05, momentum=0.1, affine=True, track_running_stats=True)
              (2): HardSwish(
                (act): Hardswish()
              )
            )
            (1): Sequential(
              (0): Conv2d(128, 128, kernel_size=(3, 3), stride=(2, 2), padding=(1, 1), groups=128, bias=False)
              (1): BatchNorm2d(128, eps=1e-05, momentum=0.1, affine=True, track_running_stats=True)
              (2): HardSwish(
                (act): Hardswish()
              )
            )
            (2): Sequential(
              (0): Conv2d(128, 48, kernel_size=(1, 1), stride=(1, 1), bias=False)
              (1): BatchNorm2d(48, eps=1e-05, momentum=0.1, affine=True, track_running_stats=True)
            )
          )
        )
        (agt): AggregateBlock(
          (agt_height): AggregateLayer(
            (linear_layer): Conv1d(32, 32, kernel_size=(1,), stride=(1,), groups=32, bias=False)
          )
          (agt_width): AggregateLayer(
            (linear_layer): Conv1d(32, 32, kernel_size=(1,), stride=(1,), groups=32, bias=False)
          )
          (norm_layer): BatchNorm2d(32, eps=1e-05, momentum=0.1, affine=True, track_running_stats=True)
        )
      )
      (ms_s_1_idx-1): LocalGlobalAggregate(
        (loc): InvertedResidual(
          (block): Sequential(
            (0): Sequential(
              (0): Conv2d(48, 144, kernel_size=(1, 1), stride=(1, 1), bias=False)
              (1): BatchNorm2d(144, eps=1e-05, momentum=0.1, affine=True, track_running_stats=True)
              (2): HardSwish(
                (act): Hardswish()
              )
            )
            (1): Sequential(
              (0): Conv2d(144, 144, kernel_size=(3, 3), stride=(1, 1), padding=(1, 1), groups=144, bias=False)
              (1): BatchNorm2d(144, eps=1e-05, momentum=0.1, affine=True, track_running_stats=True)
              (2): HardSwish(
                (act): Hardswish()
              )
            )
            (2): Sequential(
              (0): Conv2d(144, 48, kernel_size=(1, 1), stride=(1, 1), bias=False)
              (1): BatchNorm2d(48, eps=1e-05, momentum=0.1, affine=True, track_running_stats=True)
            )
          )
        )
        (agt): AggregateBlock(
          (agt_height): AggregateLayer(
            (linear_layer): Conv1d(48, 48, kernel_size=(1,), stride=(1,), groups=48, bias=False)
          )
          (agt_width): AggregateLayer(
            (linear_layer): Conv1d(48, 48, kernel_size=(1,), stride=(1,), groups=48, bias=False)
          )
          (norm_layer): BatchNorm2d(48, eps=1e-05, momentum=0.1, affine=True, track_running_stats=True)
        )
      )
    )
    (layer3): Sequential(
      (ms_s_2_idx-0): LocalGlobalAggregate(
        (loc): InvertedResidual(
          (block): Sequential(
            (0): Sequential(
              (0): Conv2d(48, 144, kernel_size=(1, 1), stride=(1, 1), bias=False)
              (1): BatchNorm2d(144, eps=1e-05, momentum=0.1, affine=True, track_running_stats=True)
              (2): HardSwish(
                (act): Hardswish()
              )
            )
            (1): Sequential(
              (0): Conv2d(144, 144, kernel_size=(3, 3), stride=(2, 2), padding=(1, 1), groups=144, bias=False)
              (1): BatchNorm2d(144, eps=1e-05, momentum=0.1, affine=True, track_running_stats=True)
              (2): HardSwish(
                (act): Hardswish()
              )
            )
            (2): Sequential(
              (0): Conv2d(144, 80, kernel_size=(1, 1), stride=(1, 1), bias=False)
              (1): BatchNorm2d(80, eps=1e-05, momentum=0.1, affine=True, track_running_stats=True)
            )
          )
        )
        (agt): AggregateBlock(
          (agt_height): AggregateLayer(
            (linear_layer): Conv1d(48, 48, kernel_size=(1,), stride=(1,), groups=48, bias=False)
          )
          (agt_width): AggregateLayer(
            (linear_layer): Conv1d(48, 48, kernel_size=(1,), stride=(1,), groups=48, bias=False)
          )
          (norm_layer): BatchNorm2d(48, eps=1e-05, momentum=0.1, affine=True, track_running_stats=True)
        )
      )
      (ms_s_1_idx-1): LocalGlobalAggregate(
        (loc): InvertedResidual(
          (block): Sequential(
            (0): Sequential(
              (0): Conv2d(80, 240, kernel_size=(1, 1), stride=(1, 1), bias=False)
              (1): BatchNorm2d(240, eps=1e-05, momentum=0.1, affine=True, track_running_stats=True)
              (2): HardSwish(
                (act): Hardswish()
              )
            )
            (1): Sequential(
              (0): Conv2d(240, 240, kernel_size=(3, 3), stride=(1, 1), padding=(1, 1), groups=240, bias=False)
              (1): BatchNorm2d(240, eps=1e-05, momentum=0.1, affine=True, track_running_stats=True)
              (2): HardSwish(
                (act): Hardswish()
              )
            )
            (2): Sequential(
              (0): Conv2d(240, 80, kernel_size=(1, 1), stride=(1, 1), bias=False)
              (1): BatchNorm2d(80, eps=1e-05, momentum=0.1, affine=True, track_running_stats=True)
            )
          )
        )
        (agt): AggregateBlock(
          (agt_height): AggregateLayer(
            (linear_layer): Conv1d(80, 80, kernel_size=(1,), stride=(1,), groups=80, bias=False)
          )
          (agt_width): AggregateLayer(
            (linear_layer): Conv1d(80, 80, kernel_size=(1,), stride=(1,), groups=80, bias=False)
          )
          (norm_layer): BatchNorm2d(80, eps=1e-05, momentum=0.1, affine=True, track_running_stats=True)
        )
      )
      (ms_s_1_idx-2): LocalGlobalAggregate(
        (loc): InvertedResidual(
          (block): Sequential(
            (0): Sequential(
              (0): Conv2d(80, 240, kernel_size=(1, 1), stride=(1, 1), bias=False)
              (1): BatchNorm2d(240, eps=1e-05, momentum=0.1, affine=True, track_running_stats=True)
              (2): HardSwish(
                (act): Hardswish()
              )
            )
            (1): Sequential(
              (0): Conv2d(240, 240, kernel_size=(3, 3), stride=(1, 1), padding=(1, 1), groups=240, bias=False)
              (1): BatchNorm2d(240, eps=1e-05, momentum=0.1, affine=True, track_running_stats=True)
              (2): HardSwish(
                (act): Hardswish()
              )
            )
            (2): Sequential(
              (0): Conv2d(240, 80, kernel_size=(1, 1), stride=(1, 1), bias=False)
              (1): BatchNorm2d(80, eps=1e-05, momentum=0.1, affine=True, track_running_stats=True)
            )
          )
        )
        (agt): AggregateBlock(
          (agt_height): AggregateLayer(
            (linear_layer): Conv1d(80, 80, kernel_size=(1,), stride=(1,), groups=80, bias=False)
          )
          (agt_width): AggregateLayer(
            (linear_layer): Conv1d(80, 80, kernel_size=(1,), stride=(1,), groups=80, bias=False)
          )
          (norm_layer): BatchNorm2d(80, eps=1e-05, momentum=0.1, affine=True, track_running_stats=True)
        )
      )
    )
    (layer4): Sequential(
      (ms_s_2_idx-0): LocalGlobalAggregate(
        (loc): InvertedResidual(
          (block): Sequential(
            (0): Sequential(
              (0): Conv2d(80, 480, kernel_size=(1, 1), stride=(1, 1), bias=False)
              (1): BatchNorm2d(480, eps=1e-05, momentum=0.1, affine=True, track_running_stats=True)
              (2): HardSwish(
                (act): Hardswish()
              )
            )
            (1): Sequential(
              (0): Conv2d(480, 480, kernel_size=(3, 3), stride=(2, 2), padding=(1, 1), groups=480, bias=False)
              (1): BatchNorm2d(480, eps=1e-05, momentum=0.1, affine=True, track_running_stats=True)
              (2): HardSwish(
                (act): Hardswish()
              )
            )
            (2): Sequential(
              (0): Conv2d(480, 160, kernel_size=(1, 1), stride=(1, 1), bias=False)
              (1): BatchNorm2d(160, eps=1e-05, momentum=0.1, affine=True, track_running_stats=True)
            )
          )
        )
        (agt): AggregateBlock(
          (agt_height): AggregateLayer(
            (linear_layer): Conv1d(80, 80, kernel_size=(1,), stride=(1,), groups=80, bias=False)
          )
          (agt_width): AggregateLayer(
            (linear_layer): Conv1d(80, 80, kernel_size=(1,), stride=(1,), groups=80, bias=False)
          )
          (norm_layer): BatchNorm2d(80, eps=1e-05, momentum=0.1, affine=True, track_running_stats=True)
        )
      )
      (ms_s_1_idx-1): LocalGlobalAggregate(
        (loc): InvertedResidual(
          (block): Sequential(
            (0): Sequential(
              (0): Conv2d(160, 960, kernel_size=(1, 1), stride=(1, 1), bias=False)
              (1): BatchNorm2d(960, eps=1e-05, momentum=0.1, affine=True, track_running_stats=True)
              (2): HardSwish(
                (act): Hardswish()
              )
            )
            (1): Sequential(
              (0): Conv2d(960, 960, kernel_size=(3, 3), stride=(1, 1), padding=(1, 1), groups=960, bias=False)
              (1): BatchNorm2d(960, eps=1e-05, momentum=0.1, affine=True, track_running_stats=True)
              (2): HardSwish(
                (act): Hardswish()
              )
            )
            (2): Sequential(
              (0): Conv2d(960, 160, kernel_size=(1, 1), stride=(1, 1), bias=False)
              (1): BatchNorm2d(160, eps=1e-05, momentum=0.1, affine=True, track_running_stats=True)
            )
          )
        )
        (agt): AggregateBlock(
          (agt_height): AggregateLayer(
            (linear_layer): Conv1d(160, 160, kernel_size=(1,), stride=(1,), groups=160, bias=False)
          )
          (agt_width): AggregateLayer(
            (linear_layer): Conv1d(160, 160, kernel_size=(1,), stride=(1,), groups=160, bias=False)
          )
          (norm_layer): BatchNorm2d(160, eps=1e-05, momentum=0.1, affine=True, track_running_stats=True)
        )
      )
    )
    (layer5): Sequential(
      (ms_s_2_idx-0): LocalGlobalAggregate(
        (loc): InvertedResidual(
          (block): Sequential(
            (0): Sequential(
              (0): Conv2d(160, 960, kernel_size=(1, 1), stride=(1, 1), bias=False)
              (1): BatchNorm2d(960, eps=1e-05, momentum=0.1, affine=True, track_running_stats=True)
              (2): HardSwish(
                (act): Hardswish()
              )
            )
            (1): Sequential(
              (0): Conv2d(960, 960, kernel_size=(3, 3), stride=(2, 2), padding=(1, 1), groups=960, bias=False)
              (1): BatchNorm2d(960, eps=1e-05, momentum=0.1, affine=True, track_running_stats=True)
              (2): HardSwish(
                (act): Hardswish()
              )
            )
            (2): Sequential(
              (0): Conv2d(960, 320, kernel_size=(1, 1), stride=(1, 1), bias=False)
              (1): BatchNorm2d(320, eps=1e-05, momentum=0.1, affine=True, track_running_stats=True)
            )
          )
        )
        (agt): AggregateBlock(
          (agt_height): AggregateLayer(
            (linear_layer): Conv1d(160, 160, kernel_size=(1,), stride=(1,), groups=160, bias=False)
          )
          (agt_width): AggregateLayer(
            (linear_layer): Conv1d(160, 160, kernel_size=(1,), stride=(1,), groups=160, bias=False)
          )
          (norm_layer): BatchNorm2d(160, eps=1e-05, momentum=0.1, affine=True, track_running_stats=True)
        )
      )
    )
  )
  (tail): Sequential(
    (0): Conv2d(320, 2560, kernel_size=(1, 1), stride=(1, 1))
    (1): BatchNorm2d(2560, eps=1e-05, momentum=0.1, affine=True, track_running_stats=True)
    (2): Hardswish()
  )
  (classifier): Sequential(
    (0): GlobalPool(type=mean)
    (1): Linear(in_features=2560, out_features=5, bias=True)
  )
)
INFO - Overall parameters=   1.891M
INFO - Overall MACs (Thop)**=   451.6M
INFO - Overall FLOPs (Thop)**=   903.1M
INFO - Model EMA decay 0.9999984371886378
INFO - The log file will be saved in the file './output/log/None.log'.
INFO - ==================== Setting Random Seed ====================
INFO - Set random seed to 42
INFO - cudnn.deterministic set to True, cudnn.benchmark set to False
INFO - Note: This setting may lead to slow training speed, but ensures reproducibility.
INFO - Random seed set successfully.
INFO - Full config saved to ./output/food5/cgvit/default/config.json
INFO - AF_NET:
  SCALE: 1.0
AMP: false
AUG:
  AUTO_AUGMENT: rand-m9-mstd0.5-inc1
  COLOR_JITTER: 0.4
  CUTMIX: 1.0
  CUTMIX_MINMAX: null
  MESA: 1.0
  MIXUP: 0.8
  MIXUP_MODE: batch
  MIXUP_PROB: 1.0
  MIXUP_SWITCH_PROB: 0.5
  RECOUNT: 1
  REMODE: pixel
  REPROB: 0.25
BASE:
- ''
CGVIT:
  SCALE: s1
COMMON:
  CUDNN_DBENCHMARK: false
  CUDNN_DETERMINISTIC: true
  SEED: 42
DATA:
  BATCH_SIZE: 32
  DATASET: FOOD5
  DATA_PATH: /home/zxy/code/dataset/food5/
  IMAGE_SIZE: 224
  IMG_SIZE: 224
  NUM_WORKERS: 8
  PIN_MEMORY: true
EHFR_NET:
  SCALE: 1.0
EVAL_MODE: false
GS_NET:
  SCALE: 1.0
LOCAL_RANK: 0
MOBILEVITV2:
  SCALE: 1.0
MODEL:
  DROP_PATH_RATE: 0.1
  DROP_RATE: 0.0
  LABEL_SMOOTHING: 0.1
  NAME: cgvit
  NUM_CLASSES: 101
  RESUME: ''
OUTPUT: ./output/food5/cgvit/default
PRINT_FREQ: 100
SAVE_FREQ: 100
TAG: default
TEST:
  CROP: true
THROUGHPUT_MODE: false
TRAIN:
  AUTO_RESUME: true
  BASE_LR: 3.125e-05
  CLIP_GRAD: 5.0
  COOLDOWN_EPOCHS: 0
  EPOCHS: 300
  LR_SCHEDULER:
    DECAY_EPOCHS: 30
    DECAY_RATE: 0.1
    NAME: cosine
  MIN_LR: 3.125e-07
  OPTIMIZER:
    BETAS:
    - 0.9
    - 0.999
    EPS: 1.0e-08
    MOMENTUM: 0.9
    NAME: adamw
  START_EPOCH: 0
  USE_CHECKPOINT: false
  WARMUP_EPOCHS: 20
  WARMUP_LR: 3.125e-08
  WEIGHT_DECAY: 0.05

INFO - Building dataset with default transform.
INFO - Successfully build train dataset
INFO - Building dataset with default transform.
INFO - Successfully build val dataset
INFO - Creating model:cgvit
INFO - CGViT(
  (stage1): Sequential(
    (0): GhostBottleneck(in_channels=3, out_channels=32, dw_kernel_size=3, stride=2, dilation=1, use_se=False, kernel_size=1, act_fn=relu)
    (1): PartialBlock(
      (partial_conv1): PartialConv(
        (partial_conv): Conv2d(5, 5, kernel_size=(3, 3), stride=(1, 1), padding=(1, 1), bias=False)
      )
      (partial_conv2): PartialConv(
        (partial_conv): Conv2d(5, 5, kernel_size=(3, 3), stride=(1, 1), padding=(1, 1), bias=False)
      )
      (partial_conv3): PartialConv(
        (partial_conv): Conv2d(6, 6, kernel_size=(3, 3), stride=(1, 1), padding=(1, 1), bias=False)
      )
    )
    (2): PartialBlock(
      (partial_conv1): PartialConv(
        (partial_conv): Conv2d(5, 5, kernel_size=(3, 3), stride=(1, 1), padding=(1, 1), bias=False)
      )
      (partial_conv2): PartialConv(
        (partial_conv): Conv2d(5, 5, kernel_size=(3, 3), stride=(1, 1), padding=(1, 1), bias=False)
      )
      (partial_conv3): PartialConv(
        (partial_conv): Conv2d(6, 6, kernel_size=(3, 3), stride=(1, 1), padding=(1, 1), bias=False)
      )
    )
    (3): Identity()
  )
  (stage2): Sequential(
    (0): GhostBottleneck(in_channels=32, out_channels=64, dw_kernel_size=3, stride=2, dilation=1, use_se=False, kernel_size=1, act_fn=relu)
    (1): PartialBlock(
      (partial_conv1): PartialConv(
        (partial_conv): Conv2d(10, 10, kernel_size=(3, 3), stride=(1, 1), padding=(1, 1), bias=False)
      )
      (partial_conv2): PartialConv(
        (partial_conv): Conv2d(10, 10, kernel_size=(3, 3), stride=(1, 1), padding=(1, 1), bias=False)
      )
      (partial_conv3): PartialConv(
        (partial_conv): Conv2d(11, 11, kernel_size=(3, 3), stride=(1, 1), padding=(1, 1), bias=False)
      )
    )
    (2): PartialBlock(
      (partial_conv1): PartialConv(
        (partial_conv): Conv2d(10, 10, kernel_size=(3, 3), stride=(1, 1), padding=(1, 1), bias=False)
      )
      (partial_conv2): PartialConv(
        (partial_conv): Conv2d(10, 10, kernel_size=(3, 3), stride=(1, 1), padding=(1, 1), bias=False)
      )
      (partial_conv3): PartialConv(
        (partial_conv): Conv2d(11, 11, kernel_size=(3, 3), stride=(1, 1), padding=(1, 1), bias=False)
      )
    )
    (3): PartialBlock(
      (partial_conv1): PartialConv(
        (partial_conv): Conv2d(10, 10, kernel_size=(3, 3), stride=(1, 1), padding=(1, 1), bias=False)
      )
      (partial_conv2): PartialConv(
        (partial_conv): Conv2d(10, 10, kernel_size=(3, 3), stride=(1, 1), padding=(1, 1), bias=False)
      )
      (partial_conv3): PartialConv(
        (partial_conv): Conv2d(11, 11, kernel_size=(3, 3), stride=(1, 1), padding=(1, 1), bias=False)
      )
    )
    (4): PartialBlock(
      (partial_conv1): PartialConv(
        (partial_conv): Conv2d(10, 10, kernel_size=(3, 3), stride=(1, 1), padding=(1, 1), bias=False)
      )
      (partial_conv2): PartialConv(
        (partial_conv): Conv2d(10, 10, kernel_size=(3, 3), stride=(1, 1), padding=(1, 1), bias=False)
      )
      (partial_conv3): PartialConv(
        (partial_conv): Conv2d(11, 11, kernel_size=(3, 3), stride=(1, 1), padding=(1, 1), bias=False)
      )
    )
    (5): Identity()
  )
  (stage3): Sequential(
    (0): GhostBottleneck(in_channels=64, out_channels=96, dw_kernel_size=3, stride=2, dilation=1, use_se=False, kernel_size=3, act_fn=relu)
    (1): PartialBlock(
      (partial_conv1): PartialConv(
        (partial_conv): Conv2d(16, 16, kernel_size=(3, 3), stride=(1, 1), padding=(1, 1), bias=False)
      )
      (partial_conv2): PartialConv(
        (partial_conv): Conv2d(16, 16, kernel_size=(3, 3), stride=(1, 1), padding=(1, 1), bias=False)
      )
      (partial_conv3): PartialConv(
        (partial_conv): Conv2d(16, 16, kernel_size=(3, 3), stride=(1, 1), padding=(1, 1), bias=False)
      )
    )
    (2): PartialBlock(
      (partial_conv1): PartialConv(
        (partial_conv): Conv2d(16, 16, kernel_size=(3, 3), stride=(1, 1), padding=(1, 1), bias=False)
      )
      (partial_conv2): PartialConv(
        (partial_conv): Conv2d(16, 16, kernel_size=(3, 3), stride=(1, 1), padding=(1, 1), bias=False)
      )
      (partial_conv3): PartialConv(
        (partial_conv): Conv2d(16, 16, kernel_size=(3, 3), stride=(1, 1), padding=(1, 1), bias=False)
      )
    )
    (3): PartialBlock(
      (partial_conv1): PartialConv(
        (partial_conv): Conv2d(16, 16, kernel_size=(3, 3), stride=(1, 1), padding=(1, 1), bias=False)
      )
      (partial_conv2): PartialConv(
        (partial_conv): Conv2d(16, 16, kernel_size=(3, 3), stride=(1, 1), padding=(1, 1), bias=False)
      )
      (partial_conv3): PartialConv(
        (partial_conv): Conv2d(16, 16, kernel_size=(3, 3), stride=(1, 1), padding=(1, 1), bias=False)
      )
    )
    (4): PartialBlock(
      (partial_conv1): PartialConv(
        (partial_conv): Conv2d(16, 16, kernel_size=(3, 3), stride=(1, 1), padding=(1, 1), bias=False)
      )
      (partial_conv2): PartialConv(
        (partial_conv): Conv2d(16, 16, kernel_size=(3, 3), stride=(1, 1), padding=(1, 1), bias=False)
      )
      (partial_conv3): PartialConv(
        (partial_conv): Conv2d(16, 16, kernel_size=(3, 3), stride=(1, 1), padding=(1, 1), bias=False)
      )
    )
    (5): PartialBlock(
      (partial_conv1): PartialConv(
        (partial_conv): Conv2d(16, 16, kernel_size=(3, 3), stride=(1, 1), padding=(1, 1), bias=False)
      )
      (partial_conv2): PartialConv(
        (partial_conv): Conv2d(16, 16, kernel_size=(3, 3), stride=(1, 1), padding=(1, 1), bias=False)
      )
      (partial_conv3): PartialConv(
        (partial_conv): Conv2d(16, 16, kernel_size=(3, 3), stride=(1, 1), padding=(1, 1), bias=False)
      )
    )
    (6): PartialBlock(
      (partial_conv1): PartialConv(
        (partial_conv): Conv2d(16, 16, kernel_size=(3, 3), stride=(1, 1), padding=(1, 1), bias=False)
      )
      (partial_conv2): PartialConv(
        (partial_conv): Conv2d(16, 16, kernel_size=(3, 3), stride=(1, 1), padding=(1, 1), bias=False)
      )
      (partial_conv3): PartialConv(
        (partial_conv): Conv2d(16, 16, kernel_size=(3, 3), stride=(1, 1), padding=(1, 1), bias=False)
      )
    )
    (7): MobileViTBlockV2(
    	 Local representations
    		 Sequential(
      (0): Conv2d(96, 96, kernel_size=(3, 3), stride=(1, 1), groups=96)
      (1): BatchNorm2d(96, eps=1e-05, momentum=0.1, affine=True, track_running_stats=True)
      (2): Hardswish()
    )
    		 Conv2d(96, 96, kernel_size=(1, 1), stride=(1, 1))
    	 Global representations with patch size of 2x2
    		 LinearAttnFFN(embed_dim=96, ffn_dim=192, dropout=0.0, ffn_dropout=0.0, attn_fn=SeparableSelfAttention(
      (qkv_proj): Conv2d(96, 193, kernel_size=(1, 1), stride=(1, 1))
      (attn_dropout): Dropout(p=0.0, inplace=False)
      (out_proj): Conv2d(96, 96, kernel_size=(1, 1), stride=(1, 1))
    ), norm_layer=layer_norm_2d)
    		 LinearAttnFFN(embed_dim=96, ffn_dim=192, dropout=0.0, ffn_dropout=0.0, attn_fn=SeparableSelfAttention(
      (qkv_proj): Conv2d(96, 193, kernel_size=(1, 1), stride=(1, 1))
      (attn_dropout): Dropout(p=0.0, inplace=False)
      (out_proj): Conv2d(96, 96, kernel_size=(1, 1), stride=(1, 1))
    ), norm_layer=layer_norm_2d)
    		 LayerNorm2d(1, 96, eps=1e-05, affine=True)
    		 Conv2d(96, 96, kernel_size=(1, 1), stride=(1, 1))
    		 BatchNorm2d(96, eps=1e-05, momentum=0.1, affine=True, track_running_stats=True)
    )
  )
  (stage4): Sequential(
    (0): GhostBottleneck(in_channels=96, out_channels=128, dw_kernel_size=3, stride=2, dilation=1, use_se=False, kernel_size=3, act_fn=relu)
    (1): PartialBlock(
      (partial_conv1): PartialConv(
        (partial_conv): Conv2d(21, 21, kernel_size=(3, 3), stride=(1, 1), padding=(1, 1), bias=False)
      )
      (partial_conv2): PartialConv(
        (partial_conv): Conv2d(21, 21, kernel_size=(3, 3), stride=(1, 1), padding=(1, 1), bias=False)
      )
      (partial_conv3): PartialConv(
        (partial_conv): Conv2d(22, 22, kernel_size=(3, 3), stride=(1, 1), padding=(1, 1), bias=False)
      )
    )
    (2): PartialBlock(
      (partial_conv1): PartialConv(
        (partial_conv): Conv2d(21, 21, kernel_size=(3, 3), stride=(1, 1), padding=(1, 1), bias=False)
      )
      (partial_conv2): PartialConv(
        (partial_conv): Conv2d(21, 21, kernel_size=(3, 3), stride=(1, 1), padding=(1, 1), bias=False)
      )
      (partial_conv3): PartialConv(
        (partial_conv): Conv2d(22, 22, kernel_size=(3, 3), stride=(1, 1), padding=(1, 1), bias=False)
      )
    )
    (3): PartialBlock(
      (partial_conv1): PartialConv(
        (partial_conv): Conv2d(21, 21, kernel_size=(3, 3), stride=(1, 1), padding=(1, 1), bias=False)
      )
      (partial_conv2): PartialConv(
        (partial_conv): Conv2d(21, 21, kernel_size=(3, 3), stride=(1, 1), padding=(1, 1), bias=False)
      )
      (partial_conv3): PartialConv(
        (partial_conv): Conv2d(22, 22, kernel_size=(3, 3), stride=(1, 1), padding=(1, 1), bias=False)
      )
    )
    (4): PartialBlock(
      (partial_conv1): PartialConv(
        (partial_conv): Conv2d(21, 21, kernel_size=(3, 3), stride=(1, 1), padding=(1, 1), bias=False)
      )
      (partial_conv2): PartialConv(
        (partial_conv): Conv2d(21, 21, kernel_size=(3, 3), stride=(1, 1), padding=(1, 1), bias=False)
      )
      (partial_conv3): PartialConv(
        (partial_conv): Conv2d(22, 22, kernel_size=(3, 3), stride=(1, 1), padding=(1, 1), bias=False)
      )
    )
    (5): PartialBlock(
      (partial_conv1): PartialConv(
        (partial_conv): Conv2d(21, 21, kernel_size=(3, 3), stride=(1, 1), padding=(1, 1), bias=False)
      )
      (partial_conv2): PartialConv(
        (partial_conv): Conv2d(21, 21, kernel_size=(3, 3), stride=(1, 1), padding=(1, 1), bias=False)
      )
      (partial_conv3): PartialConv(
        (partial_conv): Conv2d(22, 22, kernel_size=(3, 3), stride=(1, 1), padding=(1, 1), bias=False)
      )
    )
    (6): PartialBlock(
      (partial_conv1): PartialConv(
        (partial_conv): Conv2d(21, 21, kernel_size=(3, 3), stride=(1, 1), padding=(1, 1), bias=False)
      )
      (partial_conv2): PartialConv(
        (partial_conv): Conv2d(21, 21, kernel_size=(3, 3), stride=(1, 1), padding=(1, 1), bias=False)
      )
      (partial_conv3): PartialConv(
        (partial_conv): Conv2d(22, 22, kernel_size=(3, 3), stride=(1, 1), padding=(1, 1), bias=False)
      )
    )
    (7): MobileViTBlockV2(
    	 Local representations
    		 Sequential(
      (0): Conv2d(128, 128, kernel_size=(3, 3), stride=(1, 1), groups=128)
      (1): BatchNorm2d(128, eps=1e-05, momentum=0.1, affine=True, track_running_stats=True)
      (2): Hardswish()
    )
    		 Conv2d(128, 128, kernel_size=(1, 1), stride=(1, 1))
    	 Global representations with patch size of 2x2
    		 LinearAttnFFN(embed_dim=128, ffn_dim=256, dropout=0.0, ffn_dropout=0.0, attn_fn=SeparableSelfAttention(
      (qkv_proj): Conv2d(128, 257, kernel_size=(1, 1), stride=(1, 1))
      (attn_dropout): Dropout(p=0.0, inplace=False)
      (out_proj): Conv2d(128, 128, kernel_size=(1, 1), stride=(1, 1))
    ), norm_layer=layer_norm_2d)
    		 LinearAttnFFN(embed_dim=128, ffn_dim=256, dropout=0.0, ffn_dropout=0.0, attn_fn=SeparableSelfAttention(
      (qkv_proj): Conv2d(128, 257, kernel_size=(1, 1), stride=(1, 1))
      (attn_dropout): Dropout(p=0.0, inplace=False)
      (out_proj): Conv2d(128, 128, kernel_size=(1, 1), stride=(1, 1))
    ), norm_layer=layer_norm_2d)
    		 LayerNorm2d(1, 128, eps=1e-05, affine=True)
    		 Conv2d(128, 128, kernel_size=(1, 1), stride=(1, 1))
    		 BatchNorm2d(128, eps=1e-05, momentum=0.1, affine=True, track_running_stats=True)
    )
  )
  (stage5): Sequential(
    (0): GhostBottleneck(in_channels=128, out_channels=256, dw_kernel_size=3, stride=2, dilation=1, use_se=False, kernel_size=3, act_fn=relu)
    (1): PartialBlock(
      (partial_conv1): PartialConv(
        (partial_conv): Conv2d(42, 42, kernel_size=(3, 3), stride=(1, 1), padding=(1, 1), bias=False)
      )
      (partial_conv2): PartialConv(
        (partial_conv): Conv2d(42, 42, kernel_size=(3, 3), stride=(1, 1), padding=(1, 1), bias=False)
      )
      (partial_conv3): PartialConv(
        (partial_conv): Conv2d(43, 43, kernel_size=(3, 3), stride=(1, 1), padding=(1, 1), bias=False)
      )
    )
    (2): PartialBlock(
      (partial_conv1): PartialConv(
        (partial_conv): Conv2d(42, 42, kernel_size=(3, 3), stride=(1, 1), padding=(1, 1), bias=False)
      )
      (partial_conv2): PartialConv(
        (partial_conv): Conv2d(42, 42, kernel_size=(3, 3), stride=(1, 1), padding=(1, 1), bias=False)
      )
      (partial_conv3): PartialConv(
        (partial_conv): Conv2d(43, 43, kernel_size=(3, 3), stride=(1, 1), padding=(1, 1), bias=False)
      )
    )
    (3): PartialBlock(
      (partial_conv1): PartialConv(
        (partial_conv): Conv2d(42, 42, kernel_size=(3, 3), stride=(1, 1), padding=(1, 1), bias=False)
      )
      (partial_conv2): PartialConv(
        (partial_conv): Conv2d(42, 42, kernel_size=(3, 3), stride=(1, 1), padding=(1, 1), bias=False)
      )
      (partial_conv3): PartialConv(
        (partial_conv): Conv2d(43, 43, kernel_size=(3, 3), stride=(1, 1), padding=(1, 1), bias=False)
      )
    )
    (4): PartialBlock(
      (partial_conv1): PartialConv(
        (partial_conv): Conv2d(42, 42, kernel_size=(3, 3), stride=(1, 1), padding=(1, 1), bias=False)
      )
      (partial_conv2): PartialConv(
        (partial_conv): Conv2d(42, 42, kernel_size=(3, 3), stride=(1, 1), padding=(1, 1), bias=False)
      )
      (partial_conv3): PartialConv(
        (partial_conv): Conv2d(43, 43, kernel_size=(3, 3), stride=(1, 1), padding=(1, 1), bias=False)
      )
    )
    (5): PartialBlock(
      (partial_conv1): PartialConv(
        (partial_conv): Conv2d(42, 42, kernel_size=(3, 3), stride=(1, 1), padding=(1, 1), bias=False)
      )
      (partial_conv2): PartialConv(
        (partial_conv): Conv2d(42, 42, kernel_size=(3, 3), stride=(1, 1), padding=(1, 1), bias=False)
      )
      (partial_conv3): PartialConv(
        (partial_conv): Conv2d(43, 43, kernel_size=(3, 3), stride=(1, 1), padding=(1, 1), bias=False)
      )
    )
    (6): PartialBlock(
      (partial_conv1): PartialConv(
        (partial_conv): Conv2d(42, 42, kernel_size=(3, 3), stride=(1, 1), padding=(1, 1), bias=False)
      )
      (partial_conv2): PartialConv(
        (partial_conv): Conv2d(42, 42, kernel_size=(3, 3), stride=(1, 1), padding=(1, 1), bias=False)
      )
      (partial_conv3): PartialConv(
        (partial_conv): Conv2d(43, 43, kernel_size=(3, 3), stride=(1, 1), padding=(1, 1), bias=False)
      )
    )
    (7): MobileViTBlockV2(
    	 Local representations
    		 Sequential(
      (0): Conv2d(256, 256, kernel_size=(3, 3), stride=(1, 1), groups=256)
      (1): BatchNorm2d(256, eps=1e-05, momentum=0.1, affine=True, track_running_stats=True)
      (2): Hardswish()
    )
    		 Conv2d(256, 256, kernel_size=(1, 1), stride=(1, 1))
    	 Global representations with patch size of 2x2
    		 LinearAttnFFN(embed_dim=256, ffn_dim=512, dropout=0.0, ffn_dropout=0.0, attn_fn=SeparableSelfAttention(
      (qkv_proj): Conv2d(256, 513, kernel_size=(1, 1), stride=(1, 1))
      (attn_dropout): Dropout(p=0.0, inplace=False)
      (out_proj): Conv2d(256, 256, kernel_size=(1, 1), stride=(1, 1))
    ), norm_layer=layer_norm_2d)
    		 LinearAttnFFN(embed_dim=256, ffn_dim=512, dropout=0.0, ffn_dropout=0.0, attn_fn=SeparableSelfAttention(
      (qkv_proj): Conv2d(256, 513, kernel_size=(1, 1), stride=(1, 1))
      (attn_dropout): Dropout(p=0.0, inplace=False)
      (out_proj): Conv2d(256, 256, kernel_size=(1, 1), stride=(1, 1))
    ), norm_layer=layer_norm_2d)
    		 LayerNorm2d(1, 256, eps=1e-05, affine=True)
    		 Conv2d(256, 256, kernel_size=(1, 1), stride=(1, 1))
    		 BatchNorm2d(256, eps=1e-05, momentum=0.1, affine=True, track_running_stats=True)
    )
  )
  (conv_1x1_exp): Sequential(
    (0): Conv2d(256, 960, kernel_size=(1, 1), stride=(1, 1))
    (1): BatchNorm2d(960, eps=1e-05, momentum=0.1, affine=True, track_running_stats=True)
    (2): ReLU()
  )
  (classifier): Sequential(
    (0): GlobalPool(type=mean)
    (1): Linear(in_features=960, out_features=5, bias=True)
  )
)
INFO - Overall parameters=   2.511M
INFO - Overall MACs (Thop)**=   388.8M
INFO - Overall FLOPs (Thop)**=   777.6M
INFO - Model EMA decay 0.9999968743797181
INFO -  * Acc@1 19.125 Acc@5 100.000
INFO - Accuracy of the ema network on the 800 test images: 19.1%
INFO - Start training
INFO - The log file will be saved in the file './output/log/None.log'.
INFO - ==================== Setting Random Seed ====================
INFO - Set random seed to 42
INFO - cudnn.deterministic set to True, cudnn.benchmark set to False
INFO - Note: This setting may lead to slow training speed, but ensures reproducibility.
INFO - Random seed set successfully.
INFO - Full config saved to ./output/food5/cgvit/default/config.json
INFO - AF_NET:
  SCALE: 1.0
AMP: false
AUG:
  AUTO_AUGMENT: rand-m9-mstd0.5-inc1
  COLOR_JITTER: 0.4
  CUTMIX: 1.0
  CUTMIX_MINMAX: null
  MESA: 1.0
  MIXUP: 0.8
  MIXUP_MODE: batch
  MIXUP_PROB: 1.0
  MIXUP_SWITCH_PROB: 0.5
  RECOUNT: 1
  REMODE: pixel
  REPROB: 0.25
BASE:
- ''
CGVIT:
  SCALE: s1
COMMON:
  CUDNN_DBENCHMARK: false
  CUDNN_DETERMINISTIC: true
  SEED: 42
DATA:
  BATCH_SIZE: 32
  DATASET: FOOD5
  DATA_PATH: /home/zxy/code/dataset/food5/
  IMAGE_SIZE: 224
  IMG_SIZE: 224
  NUM_WORKERS: 8
  PIN_MEMORY: true
EHFR_NET:
  SCALE: 1.0
EVAL_MODE: false
GS_NET:
  SCALE: 1.0
LOCAL_RANK: 0
MOBILEVITV2:
  SCALE: 1.0
MODEL:
  DROP_PATH_RATE: 0.1
  DROP_RATE: 0.0
  LABEL_SMOOTHING: 0.1
  NAME: cgvit
  NUM_CLASSES: 101
  RESUME: ''
OUTPUT: ./output/food5/cgvit/default
PRINT_FREQ: 100
SAVE_FREQ: 100
TAG: default
TEST:
  CROP: true
THROUGHPUT_MODE: false
TRAIN:
  AUTO_RESUME: true
  BASE_LR: 3.125e-05
  CLIP_GRAD: 5.0
  COOLDOWN_EPOCHS: 0
  EPOCHS: 300
  LR_SCHEDULER:
    DECAY_EPOCHS: 30
    DECAY_RATE: 0.1
    NAME: cosine
  MIN_LR: 3.125e-07
  OPTIMIZER:
    BETAS:
    - 0.9
    - 0.999
    EPS: 1.0e-08
    MOMENTUM: 0.9
    NAME: adamw
  START_EPOCH: 0
  USE_CHECKPOINT: false
  WARMUP_EPOCHS: 20
  WARMUP_LR: 3.125e-08
  WEIGHT_DECAY: 0.05

INFO - Building dataset with default transform.
INFO - Successfully build train dataset
INFO - Building dataset with default transform.
INFO - Successfully build val dataset
INFO - Creating model:cgvit
INFO - CGViT(
  (stage1): Sequential(
    (0): GhostBottleneck(in_channels=3, out_channels=32, dw_kernel_size=3, stride=2, dilation=1, use_se=False, kernel_size=1, act_fn=relu)
    (1): PartialBlock(
      (partial_conv1): PartialConv(
        (partial_conv): Conv2d(5, 5, kernel_size=(3, 3), stride=(1, 1), padding=(1, 1), bias=False)
      )
      (partial_conv2): PartialConv(
        (partial_conv): Conv2d(5, 5, kernel_size=(3, 3), stride=(1, 1), padding=(1, 1), bias=False)
      )
      (partial_conv3): PartialConv(
        (partial_conv): Conv2d(6, 6, kernel_size=(3, 3), stride=(1, 1), padding=(1, 1), bias=False)
      )
    )
    (2): PartialBlock(
      (partial_conv1): PartialConv(
        (partial_conv): Conv2d(5, 5, kernel_size=(3, 3), stride=(1, 1), padding=(1, 1), bias=False)
      )
      (partial_conv2): PartialConv(
        (partial_conv): Conv2d(5, 5, kernel_size=(3, 3), stride=(1, 1), padding=(1, 1), bias=False)
      )
      (partial_conv3): PartialConv(
        (partial_conv): Conv2d(6, 6, kernel_size=(3, 3), stride=(1, 1), padding=(1, 1), bias=False)
      )
    )
    (3): Identity()
  )
  (stage2): Sequential(
    (0): GhostBottleneck(in_channels=32, out_channels=64, dw_kernel_size=3, stride=2, dilation=1, use_se=False, kernel_size=1, act_fn=relu)
    (1): PartialBlock(
      (partial_conv1): PartialConv(
        (partial_conv): Conv2d(10, 10, kernel_size=(3, 3), stride=(1, 1), padding=(1, 1), bias=False)
      )
      (partial_conv2): PartialConv(
        (partial_conv): Conv2d(10, 10, kernel_size=(3, 3), stride=(1, 1), padding=(1, 1), bias=False)
      )
      (partial_conv3): PartialConv(
        (partial_conv): Conv2d(11, 11, kernel_size=(3, 3), stride=(1, 1), padding=(1, 1), bias=False)
      )
    )
    (2): PartialBlock(
      (partial_conv1): PartialConv(
        (partial_conv): Conv2d(10, 10, kernel_size=(3, 3), stride=(1, 1), padding=(1, 1), bias=False)
      )
      (partial_conv2): PartialConv(
        (partial_conv): Conv2d(10, 10, kernel_size=(3, 3), stride=(1, 1), padding=(1, 1), bias=False)
      )
      (partial_conv3): PartialConv(
        (partial_conv): Conv2d(11, 11, kernel_size=(3, 3), stride=(1, 1), padding=(1, 1), bias=False)
      )
    )
    (3): PartialBlock(
      (partial_conv1): PartialConv(
        (partial_conv): Conv2d(10, 10, kernel_size=(3, 3), stride=(1, 1), padding=(1, 1), bias=False)
      )
      (partial_conv2): PartialConv(
        (partial_conv): Conv2d(10, 10, kernel_size=(3, 3), stride=(1, 1), padding=(1, 1), bias=False)
      )
      (partial_conv3): PartialConv(
        (partial_conv): Conv2d(11, 11, kernel_size=(3, 3), stride=(1, 1), padding=(1, 1), bias=False)
      )
    )
    (4): PartialBlock(
      (partial_conv1): PartialConv(
        (partial_conv): Conv2d(10, 10, kernel_size=(3, 3), stride=(1, 1), padding=(1, 1), bias=False)
      )
      (partial_conv2): PartialConv(
        (partial_conv): Conv2d(10, 10, kernel_size=(3, 3), stride=(1, 1), padding=(1, 1), bias=False)
      )
      (partial_conv3): PartialConv(
        (partial_conv): Conv2d(11, 11, kernel_size=(3, 3), stride=(1, 1), padding=(1, 1), bias=False)
      )
    )
    (5): Identity()
  )
  (stage3): Sequential(
    (0): GhostBottleneck(in_channels=64, out_channels=96, dw_kernel_size=3, stride=2, dilation=1, use_se=False, kernel_size=3, act_fn=relu)
    (1): PartialBlock(
      (partial_conv1): PartialConv(
        (partial_conv): Conv2d(16, 16, kernel_size=(3, 3), stride=(1, 1), padding=(1, 1), bias=False)
      )
      (partial_conv2): PartialConv(
        (partial_conv): Conv2d(16, 16, kernel_size=(3, 3), stride=(1, 1), padding=(1, 1), bias=False)
      )
      (partial_conv3): PartialConv(
        (partial_conv): Conv2d(16, 16, kernel_size=(3, 3), stride=(1, 1), padding=(1, 1), bias=False)
      )
    )
    (2): PartialBlock(
      (partial_conv1): PartialConv(
        (partial_conv): Conv2d(16, 16, kernel_size=(3, 3), stride=(1, 1), padding=(1, 1), bias=False)
      )
      (partial_conv2): PartialConv(
        (partial_conv): Conv2d(16, 16, kernel_size=(3, 3), stride=(1, 1), padding=(1, 1), bias=False)
      )
      (partial_conv3): PartialConv(
        (partial_conv): Conv2d(16, 16, kernel_size=(3, 3), stride=(1, 1), padding=(1, 1), bias=False)
      )
    )
    (3): PartialBlock(
      (partial_conv1): PartialConv(
        (partial_conv): Conv2d(16, 16, kernel_size=(3, 3), stride=(1, 1), padding=(1, 1), bias=False)
      )
      (partial_conv2): PartialConv(
        (partial_conv): Conv2d(16, 16, kernel_size=(3, 3), stride=(1, 1), padding=(1, 1), bias=False)
      )
      (partial_conv3): PartialConv(
        (partial_conv): Conv2d(16, 16, kernel_size=(3, 3), stride=(1, 1), padding=(1, 1), bias=False)
      )
    )
    (4): PartialBlock(
      (partial_conv1): PartialConv(
        (partial_conv): Conv2d(16, 16, kernel_size=(3, 3), stride=(1, 1), padding=(1, 1), bias=False)
      )
      (partial_conv2): PartialConv(
        (partial_conv): Conv2d(16, 16, kernel_size=(3, 3), stride=(1, 1), padding=(1, 1), bias=False)
      )
      (partial_conv3): PartialConv(
        (partial_conv): Conv2d(16, 16, kernel_size=(3, 3), stride=(1, 1), padding=(1, 1), bias=False)
      )
    )
    (5): PartialBlock(
      (partial_conv1): PartialConv(
        (partial_conv): Conv2d(16, 16, kernel_size=(3, 3), stride=(1, 1), padding=(1, 1), bias=False)
      )
      (partial_conv2): PartialConv(
        (partial_conv): Conv2d(16, 16, kernel_size=(3, 3), stride=(1, 1), padding=(1, 1), bias=False)
      )
      (partial_conv3): PartialConv(
        (partial_conv): Conv2d(16, 16, kernel_size=(3, 3), stride=(1, 1), padding=(1, 1), bias=False)
      )
    )
    (6): PartialBlock(
      (partial_conv1): PartialConv(
        (partial_conv): Conv2d(16, 16, kernel_size=(3, 3), stride=(1, 1), padding=(1, 1), bias=False)
      )
      (partial_conv2): PartialConv(
        (partial_conv): Conv2d(16, 16, kernel_size=(3, 3), stride=(1, 1), padding=(1, 1), bias=False)
      )
      (partial_conv3): PartialConv(
        (partial_conv): Conv2d(16, 16, kernel_size=(3, 3), stride=(1, 1), padding=(1, 1), bias=False)
      )
    )
    (7): MobileViTBlockV2(
    	 Local representations
    		 Sequential(
      (0): Conv2d(96, 96, kernel_size=(3, 3), stride=(1, 1), groups=96)
      (1): BatchNorm2d(96, eps=1e-05, momentum=0.1, affine=True, track_running_stats=True)
      (2): Hardswish()
    )
    		 Conv2d(96, 96, kernel_size=(1, 1), stride=(1, 1))
    	 Global representations with patch size of 2x2
    		 LinearAttnFFN(embed_dim=96, ffn_dim=192, dropout=0.0, ffn_dropout=0.0, attn_fn=SeparableSelfAttention(
      (qkv_proj): Conv2d(96, 193, kernel_size=(1, 1), stride=(1, 1))
      (attn_dropout): Dropout(p=0.0, inplace=False)
      (out_proj): Conv2d(96, 96, kernel_size=(1, 1), stride=(1, 1))
    ), norm_layer=layer_norm_2d)
    		 LinearAttnFFN(embed_dim=96, ffn_dim=192, dropout=0.0, ffn_dropout=0.0, attn_fn=SeparableSelfAttention(
      (qkv_proj): Conv2d(96, 193, kernel_size=(1, 1), stride=(1, 1))
      (attn_dropout): Dropout(p=0.0, inplace=False)
      (out_proj): Conv2d(96, 96, kernel_size=(1, 1), stride=(1, 1))
    ), norm_layer=layer_norm_2d)
    		 LayerNorm2d(1, 96, eps=1e-05, affine=True)
    		 Conv2d(96, 96, kernel_size=(1, 1), stride=(1, 1))
    		 BatchNorm2d(96, eps=1e-05, momentum=0.1, affine=True, track_running_stats=True)
    )
  )
  (stage4): Sequential(
    (0): GhostBottleneck(in_channels=96, out_channels=128, dw_kernel_size=3, stride=2, dilation=1, use_se=False, kernel_size=3, act_fn=relu)
    (1): PartialBlock(
      (partial_conv1): PartialConv(
        (partial_conv): Conv2d(21, 21, kernel_size=(3, 3), stride=(1, 1), padding=(1, 1), bias=False)
      )
      (partial_conv2): PartialConv(
        (partial_conv): Conv2d(21, 21, kernel_size=(3, 3), stride=(1, 1), padding=(1, 1), bias=False)
      )
      (partial_conv3): PartialConv(
        (partial_conv): Conv2d(22, 22, kernel_size=(3, 3), stride=(1, 1), padding=(1, 1), bias=False)
      )
    )
    (2): PartialBlock(
      (partial_conv1): PartialConv(
        (partial_conv): Conv2d(21, 21, kernel_size=(3, 3), stride=(1, 1), padding=(1, 1), bias=False)
      )
      (partial_conv2): PartialConv(
        (partial_conv): Conv2d(21, 21, kernel_size=(3, 3), stride=(1, 1), padding=(1, 1), bias=False)
      )
      (partial_conv3): PartialConv(
        (partial_conv): Conv2d(22, 22, kernel_size=(3, 3), stride=(1, 1), padding=(1, 1), bias=False)
      )
    )
    (3): PartialBlock(
      (partial_conv1): PartialConv(
        (partial_conv): Conv2d(21, 21, kernel_size=(3, 3), stride=(1, 1), padding=(1, 1), bias=False)
      )
      (partial_conv2): PartialConv(
        (partial_conv): Conv2d(21, 21, kernel_size=(3, 3), stride=(1, 1), padding=(1, 1), bias=False)
      )
      (partial_conv3): PartialConv(
        (partial_conv): Conv2d(22, 22, kernel_size=(3, 3), stride=(1, 1), padding=(1, 1), bias=False)
      )
    )
    (4): PartialBlock(
      (partial_conv1): PartialConv(
        (partial_conv): Conv2d(21, 21, kernel_size=(3, 3), stride=(1, 1), padding=(1, 1), bias=False)
      )
      (partial_conv2): PartialConv(
        (partial_conv): Conv2d(21, 21, kernel_size=(3, 3), stride=(1, 1), padding=(1, 1), bias=False)
      )
      (partial_conv3): PartialConv(
        (partial_conv): Conv2d(22, 22, kernel_size=(3, 3), stride=(1, 1), padding=(1, 1), bias=False)
      )
    )
    (5): PartialBlock(
      (partial_conv1): PartialConv(
        (partial_conv): Conv2d(21, 21, kernel_size=(3, 3), stride=(1, 1), padding=(1, 1), bias=False)
      )
      (partial_conv2): PartialConv(
        (partial_conv): Conv2d(21, 21, kernel_size=(3, 3), stride=(1, 1), padding=(1, 1), bias=False)
      )
      (partial_conv3): PartialConv(
        (partial_conv): Conv2d(22, 22, kernel_size=(3, 3), stride=(1, 1), padding=(1, 1), bias=False)
      )
    )
    (6): PartialBlock(
      (partial_conv1): PartialConv(
        (partial_conv): Conv2d(21, 21, kernel_size=(3, 3), stride=(1, 1), padding=(1, 1), bias=False)
      )
      (partial_conv2): PartialConv(
        (partial_conv): Conv2d(21, 21, kernel_size=(3, 3), stride=(1, 1), padding=(1, 1), bias=False)
      )
      (partial_conv3): PartialConv(
        (partial_conv): Conv2d(22, 22, kernel_size=(3, 3), stride=(1, 1), padding=(1, 1), bias=False)
      )
    )
    (7): MobileViTBlockV2(
    	 Local representations
    		 Sequential(
      (0): Conv2d(128, 128, kernel_size=(3, 3), stride=(1, 1), groups=128)
      (1): BatchNorm2d(128, eps=1e-05, momentum=0.1, affine=True, track_running_stats=True)
      (2): Hardswish()
    )
    		 Conv2d(128, 128, kernel_size=(1, 1), stride=(1, 1))
    	 Global representations with patch size of 2x2
    		 LinearAttnFFN(embed_dim=128, ffn_dim=256, dropout=0.0, ffn_dropout=0.0, attn_fn=SeparableSelfAttention(
      (qkv_proj): Conv2d(128, 257, kernel_size=(1, 1), stride=(1, 1))
      (attn_dropout): Dropout(p=0.0, inplace=False)
      (out_proj): Conv2d(128, 128, kernel_size=(1, 1), stride=(1, 1))
    ), norm_layer=layer_norm_2d)
    		 LinearAttnFFN(embed_dim=128, ffn_dim=256, dropout=0.0, ffn_dropout=0.0, attn_fn=SeparableSelfAttention(
      (qkv_proj): Conv2d(128, 257, kernel_size=(1, 1), stride=(1, 1))
      (attn_dropout): Dropout(p=0.0, inplace=False)
      (out_proj): Conv2d(128, 128, kernel_size=(1, 1), stride=(1, 1))
    ), norm_layer=layer_norm_2d)
    		 LayerNorm2d(1, 128, eps=1e-05, affine=True)
    		 Conv2d(128, 128, kernel_size=(1, 1), stride=(1, 1))
    		 BatchNorm2d(128, eps=1e-05, momentum=0.1, affine=True, track_running_stats=True)
    )
  )
  (stage5): Sequential(
    (0): GhostBottleneck(in_channels=128, out_channels=256, dw_kernel_size=3, stride=2, dilation=1, use_se=False, kernel_size=3, act_fn=relu)
    (1): PartialBlock(
      (partial_conv1): PartialConv(
        (partial_conv): Conv2d(42, 42, kernel_size=(3, 3), stride=(1, 1), padding=(1, 1), bias=False)
      )
      (partial_conv2): PartialConv(
        (partial_conv): Conv2d(42, 42, kernel_size=(3, 3), stride=(1, 1), padding=(1, 1), bias=False)
      )
      (partial_conv3): PartialConv(
        (partial_conv): Conv2d(43, 43, kernel_size=(3, 3), stride=(1, 1), padding=(1, 1), bias=False)
      )
    )
    (2): PartialBlock(
      (partial_conv1): PartialConv(
        (partial_conv): Conv2d(42, 42, kernel_size=(3, 3), stride=(1, 1), padding=(1, 1), bias=False)
      )
      (partial_conv2): PartialConv(
        (partial_conv): Conv2d(42, 42, kernel_size=(3, 3), stride=(1, 1), padding=(1, 1), bias=False)
      )
      (partial_conv3): PartialConv(
        (partial_conv): Conv2d(43, 43, kernel_size=(3, 3), stride=(1, 1), padding=(1, 1), bias=False)
      )
    )
    (3): PartialBlock(
      (partial_conv1): PartialConv(
        (partial_conv): Conv2d(42, 42, kernel_size=(3, 3), stride=(1, 1), padding=(1, 1), bias=False)
      )
      (partial_conv2): PartialConv(
        (partial_conv): Conv2d(42, 42, kernel_size=(3, 3), stride=(1, 1), padding=(1, 1), bias=False)
      )
      (partial_conv3): PartialConv(
        (partial_conv): Conv2d(43, 43, kernel_size=(3, 3), stride=(1, 1), padding=(1, 1), bias=False)
      )
    )
    (4): PartialBlock(
      (partial_conv1): PartialConv(
        (partial_conv): Conv2d(42, 42, kernel_size=(3, 3), stride=(1, 1), padding=(1, 1), bias=False)
      )
      (partial_conv2): PartialConv(
        (partial_conv): Conv2d(42, 42, kernel_size=(3, 3), stride=(1, 1), padding=(1, 1), bias=False)
      )
      (partial_conv3): PartialConv(
        (partial_conv): Conv2d(43, 43, kernel_size=(3, 3), stride=(1, 1), padding=(1, 1), bias=False)
      )
    )
    (5): PartialBlock(
      (partial_conv1): PartialConv(
        (partial_conv): Conv2d(42, 42, kernel_size=(3, 3), stride=(1, 1), padding=(1, 1), bias=False)
      )
      (partial_conv2): PartialConv(
        (partial_conv): Conv2d(42, 42, kernel_size=(3, 3), stride=(1, 1), padding=(1, 1), bias=False)
      )
      (partial_conv3): PartialConv(
        (partial_conv): Conv2d(43, 43, kernel_size=(3, 3), stride=(1, 1), padding=(1, 1), bias=False)
      )
    )
    (6): PartialBlock(
      (partial_conv1): PartialConv(
        (partial_conv): Conv2d(42, 42, kernel_size=(3, 3), stride=(1, 1), padding=(1, 1), bias=False)
      )
      (partial_conv2): PartialConv(
        (partial_conv): Conv2d(42, 42, kernel_size=(3, 3), stride=(1, 1), padding=(1, 1), bias=False)
      )
      (partial_conv3): PartialConv(
        (partial_conv): Conv2d(43, 43, kernel_size=(3, 3), stride=(1, 1), padding=(1, 1), bias=False)
      )
    )
    (7): MobileViTBlockV2(
    	 Local representations
    		 Sequential(
      (0): Conv2d(256, 256, kernel_size=(3, 3), stride=(1, 1), groups=256)
      (1): BatchNorm2d(256, eps=1e-05, momentum=0.1, affine=True, track_running_stats=True)
      (2): Hardswish()
    )
    		 Conv2d(256, 256, kernel_size=(1, 1), stride=(1, 1))
    	 Global representations with patch size of 2x2
    		 LinearAttnFFN(embed_dim=256, ffn_dim=512, dropout=0.0, ffn_dropout=0.0, attn_fn=SeparableSelfAttention(
      (qkv_proj): Conv2d(256, 513, kernel_size=(1, 1), stride=(1, 1))
      (attn_dropout): Dropout(p=0.0, inplace=False)
      (out_proj): Conv2d(256, 256, kernel_size=(1, 1), stride=(1, 1))
    ), norm_layer=layer_norm_2d)
    		 LinearAttnFFN(embed_dim=256, ffn_dim=512, dropout=0.0, ffn_dropout=0.0, attn_fn=SeparableSelfAttention(
      (qkv_proj): Conv2d(256, 513, kernel_size=(1, 1), stride=(1, 1))
      (attn_dropout): Dropout(p=0.0, inplace=False)
      (out_proj): Conv2d(256, 256, kernel_size=(1, 1), stride=(1, 1))
    ), norm_layer=layer_norm_2d)
    		 LayerNorm2d(1, 256, eps=1e-05, affine=True)
    		 Conv2d(256, 256, kernel_size=(1, 1), stride=(1, 1))
    		 BatchNorm2d(256, eps=1e-05, momentum=0.1, affine=True, track_running_stats=True)
    )
  )
  (conv_1x1_exp): Sequential(
    (0): Conv2d(256, 960, kernel_size=(1, 1), stride=(1, 1))
    (1): BatchNorm2d(960, eps=1e-05, momentum=0.1, affine=True, track_running_stats=True)
    (2): ReLU()
  )
  (classifier): Sequential(
    (0): GlobalPool(type=mean)
    (1): Linear(in_features=960, out_features=5, bias=True)
  )
)
INFO - Overall parameters=   2.511M
INFO - Overall MACs (Thop)**=   388.8M
INFO - Overall FLOPs (Thop)**=   777.6M
INFO - Model EMA decay 0.9999968743797181
INFO -  * Acc@1 19.125 Acc@5 100.000
INFO - Accuracy of the ema network on the 800 test images: 19.1%
INFO - Start training
INFO - Train: [1/300][100/100]	eta 0:00:00 lr 0.000002	time 0.0939 (0.1011)	loss 1.6541 (1.6305)	grad_norm 3.2761 (2.8896)	mem 1214MB
INFO - EPOCH 1 training takes 0:00:10
INFO - The log file will be saved in the file './output/log/None.log'.
INFO - ==================== Setting Random Seed ====================
INFO - Set random seed to 42
INFO - cudnn.deterministic set to True, cudnn.benchmark set to False
INFO - Note: This setting may lead to slow training speed, but ensures reproducibility.
INFO - Random seed set successfully.
INFO - Full config saved to ./output/food5/cgvit/default/config.json
INFO - AF_NET:
  SCALE: 1.0
AMP: false
AUG:
  AUTO_AUGMENT: rand-m9-mstd0.5-inc1
  COLOR_JITTER: 0.4
  CUTMIX: 1.0
  CUTMIX_MINMAX: null
  MESA: 1.0
  MIXUP: 0.8
  MIXUP_MODE: batch
  MIXUP_PROB: 1.0
  MIXUP_SWITCH_PROB: 0.5
  RECOUNT: 1
  REMODE: pixel
  REPROB: 0.25
BASE:
- ''
CGVIT:
  SCALE: s1
COMMON:
  CUDNN_DBENCHMARK: false
  CUDNN_DETERMINISTIC: true
  SEED: 42
DATA:
  BATCH_SIZE: 32
  DATASET: FOOD5
  DATA_PATH: /home/zxy/code/dataset/food5/
  IMAGE_SIZE: 224
  IMG_SIZE: 224
  NUM_WORKERS: 8
  PIN_MEMORY: true
EHFR_NET:
  SCALE: 1.0
EVAL_MODE: false
GS_NET:
  SCALE: 1.0
LOCAL_RANK: 0
MOBILEVITV2:
  SCALE: 1.0
MODEL:
  DROP_PATH_RATE: 0.1
  DROP_RATE: 0.0
  LABEL_SMOOTHING: 0.1
  NAME: cgvit
  NUM_CLASSES: 101
  RESUME: ''
OUTPUT: ./output/food5/cgvit/default
PRINT_FREQ: 100
SAVE_FREQ: 100
TAG: default
TEST:
  CROP: true
THROUGHPUT_MODE: false
TRAIN:
  AUTO_RESUME: true
  BASE_LR: 3.125e-05
  CLIP_GRAD: 5.0
  COOLDOWN_EPOCHS: 0
  EPOCHS: 300
  LR_SCHEDULER:
    DECAY_EPOCHS: 30
    DECAY_RATE: 0.1
    NAME: cosine
  MIN_LR: 3.125e-07
  OPTIMIZER:
    BETAS:
    - 0.9
    - 0.999
    EPS: 1.0e-08
    MOMENTUM: 0.9
    NAME: adamw
  START_EPOCH: 0
  USE_CHECKPOINT: false
  WARMUP_EPOCHS: 20
  WARMUP_LR: 3.125e-08
  WEIGHT_DECAY: 0.05

INFO - Building dataset with default transform.
INFO - Successfully build train dataset
INFO - Building dataset with default transform.
INFO - Successfully build val dataset
INFO - Creating model:cgvit
INFO - CGViT(
  (stage1): Sequential(
    (0): GhostBottleneck(in_channels=3, out_channels=32, dw_kernel_size=3, stride=2, dilation=1, use_se=False, kernel_size=1, act_fn=relu)
    (1): PartialBlock(
      (partial_conv1): PartialConv(
        (partial_conv): Conv2d(5, 5, kernel_size=(3, 3), stride=(1, 1), padding=(1, 1), bias=False)
      )
      (partial_conv2): PartialConv(
        (partial_conv): Conv2d(5, 5, kernel_size=(3, 3), stride=(1, 1), padding=(1, 1), bias=False)
      )
      (partial_conv3): PartialConv(
        (partial_conv): Conv2d(6, 6, kernel_size=(3, 3), stride=(1, 1), padding=(1, 1), bias=False)
      )
    )
    (2): PartialBlock(
      (partial_conv1): PartialConv(
        (partial_conv): Conv2d(5, 5, kernel_size=(3, 3), stride=(1, 1), padding=(1, 1), bias=False)
      )
      (partial_conv2): PartialConv(
        (partial_conv): Conv2d(5, 5, kernel_size=(3, 3), stride=(1, 1), padding=(1, 1), bias=False)
      )
      (partial_conv3): PartialConv(
        (partial_conv): Conv2d(6, 6, kernel_size=(3, 3), stride=(1, 1), padding=(1, 1), bias=False)
      )
    )
    (3): Identity()
  )
  (stage2): Sequential(
    (0): GhostBottleneck(in_channels=32, out_channels=64, dw_kernel_size=3, stride=2, dilation=1, use_se=False, kernel_size=1, act_fn=relu)
    (1): PartialBlock(
      (partial_conv1): PartialConv(
        (partial_conv): Conv2d(10, 10, kernel_size=(3, 3), stride=(1, 1), padding=(1, 1), bias=False)
      )
      (partial_conv2): PartialConv(
        (partial_conv): Conv2d(10, 10, kernel_size=(3, 3), stride=(1, 1), padding=(1, 1), bias=False)
      )
      (partial_conv3): PartialConv(
        (partial_conv): Conv2d(11, 11, kernel_size=(3, 3), stride=(1, 1), padding=(1, 1), bias=False)
      )
    )
    (2): PartialBlock(
      (partial_conv1): PartialConv(
        (partial_conv): Conv2d(10, 10, kernel_size=(3, 3), stride=(1, 1), padding=(1, 1), bias=False)
      )
      (partial_conv2): PartialConv(
        (partial_conv): Conv2d(10, 10, kernel_size=(3, 3), stride=(1, 1), padding=(1, 1), bias=False)
      )
      (partial_conv3): PartialConv(
        (partial_conv): Conv2d(11, 11, kernel_size=(3, 3), stride=(1, 1), padding=(1, 1), bias=False)
      )
    )
    (3): PartialBlock(
      (partial_conv1): PartialConv(
        (partial_conv): Conv2d(10, 10, kernel_size=(3, 3), stride=(1, 1), padding=(1, 1), bias=False)
      )
      (partial_conv2): PartialConv(
        (partial_conv): Conv2d(10, 10, kernel_size=(3, 3), stride=(1, 1), padding=(1, 1), bias=False)
      )
      (partial_conv3): PartialConv(
        (partial_conv): Conv2d(11, 11, kernel_size=(3, 3), stride=(1, 1), padding=(1, 1), bias=False)
      )
    )
    (4): PartialBlock(
      (partial_conv1): PartialConv(
        (partial_conv): Conv2d(10, 10, kernel_size=(3, 3), stride=(1, 1), padding=(1, 1), bias=False)
      )
      (partial_conv2): PartialConv(
        (partial_conv): Conv2d(10, 10, kernel_size=(3, 3), stride=(1, 1), padding=(1, 1), bias=False)
      )
      (partial_conv3): PartialConv(
        (partial_conv): Conv2d(11, 11, kernel_size=(3, 3), stride=(1, 1), padding=(1, 1), bias=False)
      )
    )
    (5): Identity()
  )
  (stage3): Sequential(
    (0): GhostBottleneck(in_channels=64, out_channels=96, dw_kernel_size=3, stride=2, dilation=1, use_se=False, kernel_size=3, act_fn=relu)
    (1): PartialBlock(
      (partial_conv1): PartialConv(
        (partial_conv): Conv2d(16, 16, kernel_size=(3, 3), stride=(1, 1), padding=(1, 1), bias=False)
      )
      (partial_conv2): PartialConv(
        (partial_conv): Conv2d(16, 16, kernel_size=(3, 3), stride=(1, 1), padding=(1, 1), bias=False)
      )
      (partial_conv3): PartialConv(
        (partial_conv): Conv2d(16, 16, kernel_size=(3, 3), stride=(1, 1), padding=(1, 1), bias=False)
      )
    )
    (2): PartialBlock(
      (partial_conv1): PartialConv(
        (partial_conv): Conv2d(16, 16, kernel_size=(3, 3), stride=(1, 1), padding=(1, 1), bias=False)
      )
      (partial_conv2): PartialConv(
        (partial_conv): Conv2d(16, 16, kernel_size=(3, 3), stride=(1, 1), padding=(1, 1), bias=False)
      )
      (partial_conv3): PartialConv(
        (partial_conv): Conv2d(16, 16, kernel_size=(3, 3), stride=(1, 1), padding=(1, 1), bias=False)
      )
    )
    (3): PartialBlock(
      (partial_conv1): PartialConv(
        (partial_conv): Conv2d(16, 16, kernel_size=(3, 3), stride=(1, 1), padding=(1, 1), bias=False)
      )
      (partial_conv2): PartialConv(
        (partial_conv): Conv2d(16, 16, kernel_size=(3, 3), stride=(1, 1), padding=(1, 1), bias=False)
      )
      (partial_conv3): PartialConv(
        (partial_conv): Conv2d(16, 16, kernel_size=(3, 3), stride=(1, 1), padding=(1, 1), bias=False)
      )
    )
    (4): PartialBlock(
      (partial_conv1): PartialConv(
        (partial_conv): Conv2d(16, 16, kernel_size=(3, 3), stride=(1, 1), padding=(1, 1), bias=False)
      )
      (partial_conv2): PartialConv(
        (partial_conv): Conv2d(16, 16, kernel_size=(3, 3), stride=(1, 1), padding=(1, 1), bias=False)
      )
      (partial_conv3): PartialConv(
        (partial_conv): Conv2d(16, 16, kernel_size=(3, 3), stride=(1, 1), padding=(1, 1), bias=False)
      )
    )
    (5): PartialBlock(
      (partial_conv1): PartialConv(
        (partial_conv): Conv2d(16, 16, kernel_size=(3, 3), stride=(1, 1), padding=(1, 1), bias=False)
      )
      (partial_conv2): PartialConv(
        (partial_conv): Conv2d(16, 16, kernel_size=(3, 3), stride=(1, 1), padding=(1, 1), bias=False)
      )
      (partial_conv3): PartialConv(
        (partial_conv): Conv2d(16, 16, kernel_size=(3, 3), stride=(1, 1), padding=(1, 1), bias=False)
      )
    )
    (6): PartialBlock(
      (partial_conv1): PartialConv(
        (partial_conv): Conv2d(16, 16, kernel_size=(3, 3), stride=(1, 1), padding=(1, 1), bias=False)
      )
      (partial_conv2): PartialConv(
        (partial_conv): Conv2d(16, 16, kernel_size=(3, 3), stride=(1, 1), padding=(1, 1), bias=False)
      )
      (partial_conv3): PartialConv(
        (partial_conv): Conv2d(16, 16, kernel_size=(3, 3), stride=(1, 1), padding=(1, 1), bias=False)
      )
    )
    (7): MobileViTBlockV2(
    	 Local representations
    		 Sequential(
      (0): Conv2d(96, 96, kernel_size=(3, 3), stride=(1, 1), groups=96)
      (1): BatchNorm2d(96, eps=1e-05, momentum=0.1, affine=True, track_running_stats=True)
      (2): Hardswish()
    )
    		 Conv2d(96, 96, kernel_size=(1, 1), stride=(1, 1))
    	 Global representations with patch size of 2x2
    		 LinearAttnFFN(embed_dim=96, ffn_dim=192, dropout=0.0, ffn_dropout=0.0, attn_fn=SeparableSelfAttention(
      (qkv_proj): Conv2d(96, 193, kernel_size=(1, 1), stride=(1, 1))
      (attn_dropout): Dropout(p=0.0, inplace=False)
      (out_proj): Conv2d(96, 96, kernel_size=(1, 1), stride=(1, 1))
    ), norm_layer=layer_norm_2d)
    		 LinearAttnFFN(embed_dim=96, ffn_dim=192, dropout=0.0, ffn_dropout=0.0, attn_fn=SeparableSelfAttention(
      (qkv_proj): Conv2d(96, 193, kernel_size=(1, 1), stride=(1, 1))
      (attn_dropout): Dropout(p=0.0, inplace=False)
      (out_proj): Conv2d(96, 96, kernel_size=(1, 1), stride=(1, 1))
    ), norm_layer=layer_norm_2d)
    		 LayerNorm2d(1, 96, eps=1e-05, affine=True)
    		 Conv2d(96, 96, kernel_size=(1, 1), stride=(1, 1))
    		 BatchNorm2d(96, eps=1e-05, momentum=0.1, affine=True, track_running_stats=True)
    )
  )
  (stage4): Sequential(
    (0): GhostBottleneck(in_channels=96, out_channels=128, dw_kernel_size=3, stride=2, dilation=1, use_se=False, kernel_size=3, act_fn=relu)
    (1): PartialBlock(
      (partial_conv1): PartialConv(
        (partial_conv): Conv2d(21, 21, kernel_size=(3, 3), stride=(1, 1), padding=(1, 1), bias=False)
      )
      (partial_conv2): PartialConv(
        (partial_conv): Conv2d(21, 21, kernel_size=(3, 3), stride=(1, 1), padding=(1, 1), bias=False)
      )
      (partial_conv3): PartialConv(
        (partial_conv): Conv2d(22, 22, kernel_size=(3, 3), stride=(1, 1), padding=(1, 1), bias=False)
      )
    )
    (2): PartialBlock(
      (partial_conv1): PartialConv(
        (partial_conv): Conv2d(21, 21, kernel_size=(3, 3), stride=(1, 1), padding=(1, 1), bias=False)
      )
      (partial_conv2): PartialConv(
        (partial_conv): Conv2d(21, 21, kernel_size=(3, 3), stride=(1, 1), padding=(1, 1), bias=False)
      )
      (partial_conv3): PartialConv(
        (partial_conv): Conv2d(22, 22, kernel_size=(3, 3), stride=(1, 1), padding=(1, 1), bias=False)
      )
    )
    (3): PartialBlock(
      (partial_conv1): PartialConv(
        (partial_conv): Conv2d(21, 21, kernel_size=(3, 3), stride=(1, 1), padding=(1, 1), bias=False)
      )
      (partial_conv2): PartialConv(
        (partial_conv): Conv2d(21, 21, kernel_size=(3, 3), stride=(1, 1), padding=(1, 1), bias=False)
      )
      (partial_conv3): PartialConv(
        (partial_conv): Conv2d(22, 22, kernel_size=(3, 3), stride=(1, 1), padding=(1, 1), bias=False)
      )
    )
    (4): PartialBlock(
      (partial_conv1): PartialConv(
        (partial_conv): Conv2d(21, 21, kernel_size=(3, 3), stride=(1, 1), padding=(1, 1), bias=False)
      )
      (partial_conv2): PartialConv(
        (partial_conv): Conv2d(21, 21, kernel_size=(3, 3), stride=(1, 1), padding=(1, 1), bias=False)
      )
      (partial_conv3): PartialConv(
        (partial_conv): Conv2d(22, 22, kernel_size=(3, 3), stride=(1, 1), padding=(1, 1), bias=False)
      )
    )
    (5): PartialBlock(
      (partial_conv1): PartialConv(
        (partial_conv): Conv2d(21, 21, kernel_size=(3, 3), stride=(1, 1), padding=(1, 1), bias=False)
      )
      (partial_conv2): PartialConv(
        (partial_conv): Conv2d(21, 21, kernel_size=(3, 3), stride=(1, 1), padding=(1, 1), bias=False)
      )
      (partial_conv3): PartialConv(
        (partial_conv): Conv2d(22, 22, kernel_size=(3, 3), stride=(1, 1), padding=(1, 1), bias=False)
      )
    )
    (6): PartialBlock(
      (partial_conv1): PartialConv(
        (partial_conv): Conv2d(21, 21, kernel_size=(3, 3), stride=(1, 1), padding=(1, 1), bias=False)
      )
      (partial_conv2): PartialConv(
        (partial_conv): Conv2d(21, 21, kernel_size=(3, 3), stride=(1, 1), padding=(1, 1), bias=False)
      )
      (partial_conv3): PartialConv(
        (partial_conv): Conv2d(22, 22, kernel_size=(3, 3), stride=(1, 1), padding=(1, 1), bias=False)
      )
    )
    (7): MobileViTBlockV2(
    	 Local representations
    		 Sequential(
      (0): Conv2d(128, 128, kernel_size=(3, 3), stride=(1, 1), groups=128)
      (1): BatchNorm2d(128, eps=1e-05, momentum=0.1, affine=True, track_running_stats=True)
      (2): Hardswish()
    )
    		 Conv2d(128, 128, kernel_size=(1, 1), stride=(1, 1))
    	 Global representations with patch size of 2x2
    		 LinearAttnFFN(embed_dim=128, ffn_dim=256, dropout=0.0, ffn_dropout=0.0, attn_fn=SeparableSelfAttention(
      (qkv_proj): Conv2d(128, 257, kernel_size=(1, 1), stride=(1, 1))
      (attn_dropout): Dropout(p=0.0, inplace=False)
      (out_proj): Conv2d(128, 128, kernel_size=(1, 1), stride=(1, 1))
    ), norm_layer=layer_norm_2d)
    		 LinearAttnFFN(embed_dim=128, ffn_dim=256, dropout=0.0, ffn_dropout=0.0, attn_fn=SeparableSelfAttention(
      (qkv_proj): Conv2d(128, 257, kernel_size=(1, 1), stride=(1, 1))
      (attn_dropout): Dropout(p=0.0, inplace=False)
      (out_proj): Conv2d(128, 128, kernel_size=(1, 1), stride=(1, 1))
    ), norm_layer=layer_norm_2d)
    		 LayerNorm2d(1, 128, eps=1e-05, affine=True)
    		 Conv2d(128, 128, kernel_size=(1, 1), stride=(1, 1))
    		 BatchNorm2d(128, eps=1e-05, momentum=0.1, affine=True, track_running_stats=True)
    )
  )
  (stage5): Sequential(
    (0): GhostBottleneck(in_channels=128, out_channels=256, dw_kernel_size=3, stride=2, dilation=1, use_se=False, kernel_size=3, act_fn=relu)
    (1): PartialBlock(
      (partial_conv1): PartialConv(
        (partial_conv): Conv2d(42, 42, kernel_size=(3, 3), stride=(1, 1), padding=(1, 1), bias=False)
      )
      (partial_conv2): PartialConv(
        (partial_conv): Conv2d(42, 42, kernel_size=(3, 3), stride=(1, 1), padding=(1, 1), bias=False)
      )
      (partial_conv3): PartialConv(
        (partial_conv): Conv2d(43, 43, kernel_size=(3, 3), stride=(1, 1), padding=(1, 1), bias=False)
      )
    )
    (2): PartialBlock(
      (partial_conv1): PartialConv(
        (partial_conv): Conv2d(42, 42, kernel_size=(3, 3), stride=(1, 1), padding=(1, 1), bias=False)
      )
      (partial_conv2): PartialConv(
        (partial_conv): Conv2d(42, 42, kernel_size=(3, 3), stride=(1, 1), padding=(1, 1), bias=False)
      )
      (partial_conv3): PartialConv(
        (partial_conv): Conv2d(43, 43, kernel_size=(3, 3), stride=(1, 1), padding=(1, 1), bias=False)
      )
    )
    (3): PartialBlock(
      (partial_conv1): PartialConv(
        (partial_conv): Conv2d(42, 42, kernel_size=(3, 3), stride=(1, 1), padding=(1, 1), bias=False)
      )
      (partial_conv2): PartialConv(
        (partial_conv): Conv2d(42, 42, kernel_size=(3, 3), stride=(1, 1), padding=(1, 1), bias=False)
      )
      (partial_conv3): PartialConv(
        (partial_conv): Conv2d(43, 43, kernel_size=(3, 3), stride=(1, 1), padding=(1, 1), bias=False)
      )
    )
    (4): PartialBlock(
      (partial_conv1): PartialConv(
        (partial_conv): Conv2d(42, 42, kernel_size=(3, 3), stride=(1, 1), padding=(1, 1), bias=False)
      )
      (partial_conv2): PartialConv(
        (partial_conv): Conv2d(42, 42, kernel_size=(3, 3), stride=(1, 1), padding=(1, 1), bias=False)
      )
      (partial_conv3): PartialConv(
        (partial_conv): Conv2d(43, 43, kernel_size=(3, 3), stride=(1, 1), padding=(1, 1), bias=False)
      )
    )
    (5): PartialBlock(
      (partial_conv1): PartialConv(
        (partial_conv): Conv2d(42, 42, kernel_size=(3, 3), stride=(1, 1), padding=(1, 1), bias=False)
      )
      (partial_conv2): PartialConv(
        (partial_conv): Conv2d(42, 42, kernel_size=(3, 3), stride=(1, 1), padding=(1, 1), bias=False)
      )
      (partial_conv3): PartialConv(
        (partial_conv): Conv2d(43, 43, kernel_size=(3, 3), stride=(1, 1), padding=(1, 1), bias=False)
      )
    )
    (6): PartialBlock(
      (partial_conv1): PartialConv(
        (partial_conv): Conv2d(42, 42, kernel_size=(3, 3), stride=(1, 1), padding=(1, 1), bias=False)
      )
      (partial_conv2): PartialConv(
        (partial_conv): Conv2d(42, 42, kernel_size=(3, 3), stride=(1, 1), padding=(1, 1), bias=False)
      )
      (partial_conv3): PartialConv(
        (partial_conv): Conv2d(43, 43, kernel_size=(3, 3), stride=(1, 1), padding=(1, 1), bias=False)
      )
    )
    (7): MobileViTBlockV2(
    	 Local representations
    		 Sequential(
      (0): Conv2d(256, 256, kernel_size=(3, 3), stride=(1, 1), groups=256)
      (1): BatchNorm2d(256, eps=1e-05, momentum=0.1, affine=True, track_running_stats=True)
      (2): Hardswish()
    )
    		 Conv2d(256, 256, kernel_size=(1, 1), stride=(1, 1))
    	 Global representations with patch size of 2x2
    		 LinearAttnFFN(embed_dim=256, ffn_dim=512, dropout=0.0, ffn_dropout=0.0, attn_fn=SeparableSelfAttention(
      (qkv_proj): Conv2d(256, 513, kernel_size=(1, 1), stride=(1, 1))
      (attn_dropout): Dropout(p=0.0, inplace=False)
      (out_proj): Conv2d(256, 256, kernel_size=(1, 1), stride=(1, 1))
    ), norm_layer=layer_norm_2d)
    		 LinearAttnFFN(embed_dim=256, ffn_dim=512, dropout=0.0, ffn_dropout=0.0, attn_fn=SeparableSelfAttention(
      (qkv_proj): Conv2d(256, 513, kernel_size=(1, 1), stride=(1, 1))
      (attn_dropout): Dropout(p=0.0, inplace=False)
      (out_proj): Conv2d(256, 256, kernel_size=(1, 1), stride=(1, 1))
    ), norm_layer=layer_norm_2d)
    		 LayerNorm2d(1, 256, eps=1e-05, affine=True)
    		 Conv2d(256, 256, kernel_size=(1, 1), stride=(1, 1))
    		 BatchNorm2d(256, eps=1e-05, momentum=0.1, affine=True, track_running_stats=True)
    )
  )
  (conv_1x1_exp): Sequential(
    (0): Conv2d(256, 960, kernel_size=(1, 1), stride=(1, 1))
    (1): BatchNorm2d(960, eps=1e-05, momentum=0.1, affine=True, track_running_stats=True)
    (2): ReLU()
  )
  (classifier): Sequential(
    (0): GlobalPool(type=mean)
    (1): Linear(in_features=960, out_features=5, bias=True)
  )
)
INFO - Overall parameters=   2.511M
INFO - Overall MACs (Thop)**=   388.8M
INFO - Overall FLOPs (Thop)**=   777.6M
INFO - Model EMA decay 0.9999968743797181
INFO -  * Acc@1 19.125 Acc@5 100.000
INFO - Accuracy of the ema network on the 800 test images: 19.1%
INFO - Start training
INFO - Train: [1/300][100/100]	eta 0:00:00 lr 0.000002	time 0.0946 (0.1028)	loss 1.6541 (1.6305)	grad_norm 3.2759 (2.8896)	mem 1214MB
INFO - EPOCH 1 training takes 0:00:10
INFO -  * Acc@1 19.375 Acc@5 100.000
INFO - Accuracy of the network on the 800 test images: 19.4%
INFO - The log file will be saved in the file './output/log/None.log'.
INFO - ==================== Setting Random Seed ====================
INFO - Set random seed to 42
INFO - cudnn.deterministic set to True, cudnn.benchmark set to False
INFO - Note: This setting may lead to slow training speed, but ensures reproducibility.
INFO - Random seed set successfully.
INFO - Full config saved to ./output/food5/cgvit/default/config.json
INFO - AF_NET:
  SCALE: 1.0
AMP: false
AUG:
  AUTO_AUGMENT: rand-m9-mstd0.5-inc1
  COLOR_JITTER: 0.4
  CUTMIX: 1.0
  CUTMIX_MINMAX: null
  MESA: 1.0
  MIXUP: 0.8
  MIXUP_MODE: batch
  MIXUP_PROB: 1.0
  MIXUP_SWITCH_PROB: 0.5
  RECOUNT: 1
  REMODE: pixel
  REPROB: 0.25
BASE:
- ''
CGVIT:
  SCALE: s1
COMMON:
  CUDNN_DBENCHMARK: false
  CUDNN_DETERMINISTIC: true
  SEED: 42
DATA:
  BATCH_SIZE: 32
  DATASET: FOOD5
  DATA_PATH: /home/zxy/code/dataset/food5/
  IMAGE_SIZE: 224
  IMG_SIZE: 224
  NUM_WORKERS: 8
  PIN_MEMORY: true
EHFR_NET:
  SCALE: 1.0
EVAL_MODE: false
GS_NET:
  SCALE: 1.0
LOCAL_RANK: 0
MOBILEVITV2:
  SCALE: 1.0
MODEL:
  DROP_PATH_RATE: 0.1
  DROP_RATE: 0.0
  LABEL_SMOOTHING: 0.1
  NAME: cgvit
  NUM_CLASSES: 101
  RESUME: ''
OUTPUT: ./output/food5/cgvit/default
PRINT_FREQ: 100
SAVE_FREQ: 100
TAG: default
TEST:
  CROP: true
THROUGHPUT_MODE: false
TRAIN:
  AUTO_RESUME: true
  BASE_LR: 3.125e-05
  CLIP_GRAD: 5.0
  COOLDOWN_EPOCHS: 0
  EPOCHS: 300
  LR_SCHEDULER:
    DECAY_EPOCHS: 30
    DECAY_RATE: 0.1
    NAME: cosine
  MIN_LR: 3.125e-07
  OPTIMIZER:
    BETAS:
    - 0.9
    - 0.999
    EPS: 1.0e-08
    MOMENTUM: 0.9
    NAME: adamw
  START_EPOCH: 0
  USE_CHECKPOINT: false
  WARMUP_EPOCHS: 20
  WARMUP_LR: 3.125e-08
  WEIGHT_DECAY: 0.05

INFO - Building dataset with default transform.
INFO - Successfully build train dataset
INFO - Building dataset with default transform.
INFO - Successfully build val dataset
INFO - Creating model:cgvit
INFO - CGViT(
  (stage1): Sequential(
    (0): GhostBottleneck(in_channels=3, out_channels=32, dw_kernel_size=3, stride=2, dilation=1, use_se=False, kernel_size=1, act_fn=relu)
    (1): PartialBlock(
      (partial_conv1): PartialConv(
        (partial_conv): Conv2d(5, 5, kernel_size=(3, 3), stride=(1, 1), padding=(1, 1), bias=False)
      )
      (partial_conv2): PartialConv(
        (partial_conv): Conv2d(5, 5, kernel_size=(3, 3), stride=(1, 1), padding=(1, 1), bias=False)
      )
      (partial_conv3): PartialConv(
        (partial_conv): Conv2d(6, 6, kernel_size=(3, 3), stride=(1, 1), padding=(1, 1), bias=False)
      )
    )
    (2): PartialBlock(
      (partial_conv1): PartialConv(
        (partial_conv): Conv2d(5, 5, kernel_size=(3, 3), stride=(1, 1), padding=(1, 1), bias=False)
      )
      (partial_conv2): PartialConv(
        (partial_conv): Conv2d(5, 5, kernel_size=(3, 3), stride=(1, 1), padding=(1, 1), bias=False)
      )
      (partial_conv3): PartialConv(
        (partial_conv): Conv2d(6, 6, kernel_size=(3, 3), stride=(1, 1), padding=(1, 1), bias=False)
      )
    )
    (3): Identity()
  )
  (stage2): Sequential(
    (0): GhostBottleneck(in_channels=32, out_channels=64, dw_kernel_size=3, stride=2, dilation=1, use_se=False, kernel_size=1, act_fn=relu)
    (1): PartialBlock(
      (partial_conv1): PartialConv(
        (partial_conv): Conv2d(10, 10, kernel_size=(3, 3), stride=(1, 1), padding=(1, 1), bias=False)
      )
      (partial_conv2): PartialConv(
        (partial_conv): Conv2d(10, 10, kernel_size=(3, 3), stride=(1, 1), padding=(1, 1), bias=False)
      )
      (partial_conv3): PartialConv(
        (partial_conv): Conv2d(11, 11, kernel_size=(3, 3), stride=(1, 1), padding=(1, 1), bias=False)
      )
    )
    (2): PartialBlock(
      (partial_conv1): PartialConv(
        (partial_conv): Conv2d(10, 10, kernel_size=(3, 3), stride=(1, 1), padding=(1, 1), bias=False)
      )
      (partial_conv2): PartialConv(
        (partial_conv): Conv2d(10, 10, kernel_size=(3, 3), stride=(1, 1), padding=(1, 1), bias=False)
      )
      (partial_conv3): PartialConv(
        (partial_conv): Conv2d(11, 11, kernel_size=(3, 3), stride=(1, 1), padding=(1, 1), bias=False)
      )
    )
    (3): PartialBlock(
      (partial_conv1): PartialConv(
        (partial_conv): Conv2d(10, 10, kernel_size=(3, 3), stride=(1, 1), padding=(1, 1), bias=False)
      )
      (partial_conv2): PartialConv(
        (partial_conv): Conv2d(10, 10, kernel_size=(3, 3), stride=(1, 1), padding=(1, 1), bias=False)
      )
      (partial_conv3): PartialConv(
        (partial_conv): Conv2d(11, 11, kernel_size=(3, 3), stride=(1, 1), padding=(1, 1), bias=False)
      )
    )
    (4): PartialBlock(
      (partial_conv1): PartialConv(
        (partial_conv): Conv2d(10, 10, kernel_size=(3, 3), stride=(1, 1), padding=(1, 1), bias=False)
      )
      (partial_conv2): PartialConv(
        (partial_conv): Conv2d(10, 10, kernel_size=(3, 3), stride=(1, 1), padding=(1, 1), bias=False)
      )
      (partial_conv3): PartialConv(
        (partial_conv): Conv2d(11, 11, kernel_size=(3, 3), stride=(1, 1), padding=(1, 1), bias=False)
      )
    )
    (5): Identity()
  )
  (stage3): Sequential(
    (0): GhostBottleneck(in_channels=64, out_channels=96, dw_kernel_size=3, stride=2, dilation=1, use_se=False, kernel_size=3, act_fn=relu)
    (1): PartialBlock(
      (partial_conv1): PartialConv(
        (partial_conv): Conv2d(16, 16, kernel_size=(3, 3), stride=(1, 1), padding=(1, 1), bias=False)
      )
      (partial_conv2): PartialConv(
        (partial_conv): Conv2d(16, 16, kernel_size=(3, 3), stride=(1, 1), padding=(1, 1), bias=False)
      )
      (partial_conv3): PartialConv(
        (partial_conv): Conv2d(16, 16, kernel_size=(3, 3), stride=(1, 1), padding=(1, 1), bias=False)
      )
    )
    (2): PartialBlock(
      (partial_conv1): PartialConv(
        (partial_conv): Conv2d(16, 16, kernel_size=(3, 3), stride=(1, 1), padding=(1, 1), bias=False)
      )
      (partial_conv2): PartialConv(
        (partial_conv): Conv2d(16, 16, kernel_size=(3, 3), stride=(1, 1), padding=(1, 1), bias=False)
      )
      (partial_conv3): PartialConv(
        (partial_conv): Conv2d(16, 16, kernel_size=(3, 3), stride=(1, 1), padding=(1, 1), bias=False)
      )
    )
    (3): PartialBlock(
      (partial_conv1): PartialConv(
        (partial_conv): Conv2d(16, 16, kernel_size=(3, 3), stride=(1, 1), padding=(1, 1), bias=False)
      )
      (partial_conv2): PartialConv(
        (partial_conv): Conv2d(16, 16, kernel_size=(3, 3), stride=(1, 1), padding=(1, 1), bias=False)
      )
      (partial_conv3): PartialConv(
        (partial_conv): Conv2d(16, 16, kernel_size=(3, 3), stride=(1, 1), padding=(1, 1), bias=False)
      )
    )
    (4): PartialBlock(
      (partial_conv1): PartialConv(
        (partial_conv): Conv2d(16, 16, kernel_size=(3, 3), stride=(1, 1), padding=(1, 1), bias=False)
      )
      (partial_conv2): PartialConv(
        (partial_conv): Conv2d(16, 16, kernel_size=(3, 3), stride=(1, 1), padding=(1, 1), bias=False)
      )
      (partial_conv3): PartialConv(
        (partial_conv): Conv2d(16, 16, kernel_size=(3, 3), stride=(1, 1), padding=(1, 1), bias=False)
      )
    )
    (5): PartialBlock(
      (partial_conv1): PartialConv(
        (partial_conv): Conv2d(16, 16, kernel_size=(3, 3), stride=(1, 1), padding=(1, 1), bias=False)
      )
      (partial_conv2): PartialConv(
        (partial_conv): Conv2d(16, 16, kernel_size=(3, 3), stride=(1, 1), padding=(1, 1), bias=False)
      )
      (partial_conv3): PartialConv(
        (partial_conv): Conv2d(16, 16, kernel_size=(3, 3), stride=(1, 1), padding=(1, 1), bias=False)
      )
    )
    (6): PartialBlock(
      (partial_conv1): PartialConv(
        (partial_conv): Conv2d(16, 16, kernel_size=(3, 3), stride=(1, 1), padding=(1, 1), bias=False)
      )
      (partial_conv2): PartialConv(
        (partial_conv): Conv2d(16, 16, kernel_size=(3, 3), stride=(1, 1), padding=(1, 1), bias=False)
      )
      (partial_conv3): PartialConv(
        (partial_conv): Conv2d(16, 16, kernel_size=(3, 3), stride=(1, 1), padding=(1, 1), bias=False)
      )
    )
    (7): MobileViTBlockV2(
    	 Local representations
    		 Sequential(
      (0): Conv2d(96, 96, kernel_size=(3, 3), stride=(1, 1), groups=96)
      (1): BatchNorm2d(96, eps=1e-05, momentum=0.1, affine=True, track_running_stats=True)
      (2): Hardswish()
    )
    		 Conv2d(96, 96, kernel_size=(1, 1), stride=(1, 1))
    	 Global representations with patch size of 2x2
    		 LinearAttnFFN(embed_dim=96, ffn_dim=192, dropout=0.0, ffn_dropout=0.0, attn_fn=SeparableSelfAttention(
      (qkv_proj): Conv2d(96, 193, kernel_size=(1, 1), stride=(1, 1))
      (attn_dropout): Dropout(p=0.0, inplace=False)
      (out_proj): Conv2d(96, 96, kernel_size=(1, 1), stride=(1, 1))
    ), norm_layer=layer_norm_2d)
    		 LinearAttnFFN(embed_dim=96, ffn_dim=192, dropout=0.0, ffn_dropout=0.0, attn_fn=SeparableSelfAttention(
      (qkv_proj): Conv2d(96, 193, kernel_size=(1, 1), stride=(1, 1))
      (attn_dropout): Dropout(p=0.0, inplace=False)
      (out_proj): Conv2d(96, 96, kernel_size=(1, 1), stride=(1, 1))
    ), norm_layer=layer_norm_2d)
    		 LayerNorm2d(1, 96, eps=1e-05, affine=True)
    		 Conv2d(96, 96, kernel_size=(1, 1), stride=(1, 1))
    		 BatchNorm2d(96, eps=1e-05, momentum=0.1, affine=True, track_running_stats=True)
    )
  )
  (stage4): Sequential(
    (0): GhostBottleneck(in_channels=96, out_channels=128, dw_kernel_size=3, stride=2, dilation=1, use_se=False, kernel_size=3, act_fn=relu)
    (1): PartialBlock(
      (partial_conv1): PartialConv(
        (partial_conv): Conv2d(21, 21, kernel_size=(3, 3), stride=(1, 1), padding=(1, 1), bias=False)
      )
      (partial_conv2): PartialConv(
        (partial_conv): Conv2d(21, 21, kernel_size=(3, 3), stride=(1, 1), padding=(1, 1), bias=False)
      )
      (partial_conv3): PartialConv(
        (partial_conv): Conv2d(22, 22, kernel_size=(3, 3), stride=(1, 1), padding=(1, 1), bias=False)
      )
    )
    (2): PartialBlock(
      (partial_conv1): PartialConv(
        (partial_conv): Conv2d(21, 21, kernel_size=(3, 3), stride=(1, 1), padding=(1, 1), bias=False)
      )
      (partial_conv2): PartialConv(
        (partial_conv): Conv2d(21, 21, kernel_size=(3, 3), stride=(1, 1), padding=(1, 1), bias=False)
      )
      (partial_conv3): PartialConv(
        (partial_conv): Conv2d(22, 22, kernel_size=(3, 3), stride=(1, 1), padding=(1, 1), bias=False)
      )
    )
    (3): PartialBlock(
      (partial_conv1): PartialConv(
        (partial_conv): Conv2d(21, 21, kernel_size=(3, 3), stride=(1, 1), padding=(1, 1), bias=False)
      )
      (partial_conv2): PartialConv(
        (partial_conv): Conv2d(21, 21, kernel_size=(3, 3), stride=(1, 1), padding=(1, 1), bias=False)
      )
      (partial_conv3): PartialConv(
        (partial_conv): Conv2d(22, 22, kernel_size=(3, 3), stride=(1, 1), padding=(1, 1), bias=False)
      )
    )
    (4): PartialBlock(
      (partial_conv1): PartialConv(
        (partial_conv): Conv2d(21, 21, kernel_size=(3, 3), stride=(1, 1), padding=(1, 1), bias=False)
      )
      (partial_conv2): PartialConv(
        (partial_conv): Conv2d(21, 21, kernel_size=(3, 3), stride=(1, 1), padding=(1, 1), bias=False)
      )
      (partial_conv3): PartialConv(
        (partial_conv): Conv2d(22, 22, kernel_size=(3, 3), stride=(1, 1), padding=(1, 1), bias=False)
      )
    )
    (5): PartialBlock(
      (partial_conv1): PartialConv(
        (partial_conv): Conv2d(21, 21, kernel_size=(3, 3), stride=(1, 1), padding=(1, 1), bias=False)
      )
      (partial_conv2): PartialConv(
        (partial_conv): Conv2d(21, 21, kernel_size=(3, 3), stride=(1, 1), padding=(1, 1), bias=False)
      )
      (partial_conv3): PartialConv(
        (partial_conv): Conv2d(22, 22, kernel_size=(3, 3), stride=(1, 1), padding=(1, 1), bias=False)
      )
    )
    (6): PartialBlock(
      (partial_conv1): PartialConv(
        (partial_conv): Conv2d(21, 21, kernel_size=(3, 3), stride=(1, 1), padding=(1, 1), bias=False)
      )
      (partial_conv2): PartialConv(
        (partial_conv): Conv2d(21, 21, kernel_size=(3, 3), stride=(1, 1), padding=(1, 1), bias=False)
      )
      (partial_conv3): PartialConv(
        (partial_conv): Conv2d(22, 22, kernel_size=(3, 3), stride=(1, 1), padding=(1, 1), bias=False)
      )
    )
    (7): MobileViTBlockV2(
    	 Local representations
    		 Sequential(
      (0): Conv2d(128, 128, kernel_size=(3, 3), stride=(1, 1), groups=128)
      (1): BatchNorm2d(128, eps=1e-05, momentum=0.1, affine=True, track_running_stats=True)
      (2): Hardswish()
    )
    		 Conv2d(128, 128, kernel_size=(1, 1), stride=(1, 1))
    	 Global representations with patch size of 2x2
    		 LinearAttnFFN(embed_dim=128, ffn_dim=256, dropout=0.0, ffn_dropout=0.0, attn_fn=SeparableSelfAttention(
      (qkv_proj): Conv2d(128, 257, kernel_size=(1, 1), stride=(1, 1))
      (attn_dropout): Dropout(p=0.0, inplace=False)
      (out_proj): Conv2d(128, 128, kernel_size=(1, 1), stride=(1, 1))
    ), norm_layer=layer_norm_2d)
    		 LinearAttnFFN(embed_dim=128, ffn_dim=256, dropout=0.0, ffn_dropout=0.0, attn_fn=SeparableSelfAttention(
      (qkv_proj): Conv2d(128, 257, kernel_size=(1, 1), stride=(1, 1))
      (attn_dropout): Dropout(p=0.0, inplace=False)
      (out_proj): Conv2d(128, 128, kernel_size=(1, 1), stride=(1, 1))
    ), norm_layer=layer_norm_2d)
    		 LayerNorm2d(1, 128, eps=1e-05, affine=True)
    		 Conv2d(128, 128, kernel_size=(1, 1), stride=(1, 1))
    		 BatchNorm2d(128, eps=1e-05, momentum=0.1, affine=True, track_running_stats=True)
    )
  )
  (stage5): Sequential(
    (0): GhostBottleneck(in_channels=128, out_channels=256, dw_kernel_size=3, stride=2, dilation=1, use_se=False, kernel_size=3, act_fn=relu)
    (1): PartialBlock(
      (partial_conv1): PartialConv(
        (partial_conv): Conv2d(42, 42, kernel_size=(3, 3), stride=(1, 1), padding=(1, 1), bias=False)
      )
      (partial_conv2): PartialConv(
        (partial_conv): Conv2d(42, 42, kernel_size=(3, 3), stride=(1, 1), padding=(1, 1), bias=False)
      )
      (partial_conv3): PartialConv(
        (partial_conv): Conv2d(43, 43, kernel_size=(3, 3), stride=(1, 1), padding=(1, 1), bias=False)
      )
    )
    (2): PartialBlock(
      (partial_conv1): PartialConv(
        (partial_conv): Conv2d(42, 42, kernel_size=(3, 3), stride=(1, 1), padding=(1, 1), bias=False)
      )
      (partial_conv2): PartialConv(
        (partial_conv): Conv2d(42, 42, kernel_size=(3, 3), stride=(1, 1), padding=(1, 1), bias=False)
      )
      (partial_conv3): PartialConv(
        (partial_conv): Conv2d(43, 43, kernel_size=(3, 3), stride=(1, 1), padding=(1, 1), bias=False)
      )
    )
    (3): PartialBlock(
      (partial_conv1): PartialConv(
        (partial_conv): Conv2d(42, 42, kernel_size=(3, 3), stride=(1, 1), padding=(1, 1), bias=False)
      )
      (partial_conv2): PartialConv(
        (partial_conv): Conv2d(42, 42, kernel_size=(3, 3), stride=(1, 1), padding=(1, 1), bias=False)
      )
      (partial_conv3): PartialConv(
        (partial_conv): Conv2d(43, 43, kernel_size=(3, 3), stride=(1, 1), padding=(1, 1), bias=False)
      )
    )
    (4): PartialBlock(
      (partial_conv1): PartialConv(
        (partial_conv): Conv2d(42, 42, kernel_size=(3, 3), stride=(1, 1), padding=(1, 1), bias=False)
      )
      (partial_conv2): PartialConv(
        (partial_conv): Conv2d(42, 42, kernel_size=(3, 3), stride=(1, 1), padding=(1, 1), bias=False)
      )
      (partial_conv3): PartialConv(
        (partial_conv): Conv2d(43, 43, kernel_size=(3, 3), stride=(1, 1), padding=(1, 1), bias=False)
      )
    )
    (5): PartialBlock(
      (partial_conv1): PartialConv(
        (partial_conv): Conv2d(42, 42, kernel_size=(3, 3), stride=(1, 1), padding=(1, 1), bias=False)
      )
      (partial_conv2): PartialConv(
        (partial_conv): Conv2d(42, 42, kernel_size=(3, 3), stride=(1, 1), padding=(1, 1), bias=False)
      )
      (partial_conv3): PartialConv(
        (partial_conv): Conv2d(43, 43, kernel_size=(3, 3), stride=(1, 1), padding=(1, 1), bias=False)
      )
    )
    (6): PartialBlock(
      (partial_conv1): PartialConv(
        (partial_conv): Conv2d(42, 42, kernel_size=(3, 3), stride=(1, 1), padding=(1, 1), bias=False)
      )
      (partial_conv2): PartialConv(
        (partial_conv): Conv2d(42, 42, kernel_size=(3, 3), stride=(1, 1), padding=(1, 1), bias=False)
      )
      (partial_conv3): PartialConv(
        (partial_conv): Conv2d(43, 43, kernel_size=(3, 3), stride=(1, 1), padding=(1, 1), bias=False)
      )
    )
    (7): MobileViTBlockV2(
    	 Local representations
    		 Sequential(
      (0): Conv2d(256, 256, kernel_size=(3, 3), stride=(1, 1), groups=256)
      (1): BatchNorm2d(256, eps=1e-05, momentum=0.1, affine=True, track_running_stats=True)
      (2): Hardswish()
    )
    		 Conv2d(256, 256, kernel_size=(1, 1), stride=(1, 1))
    	 Global representations with patch size of 2x2
    		 LinearAttnFFN(embed_dim=256, ffn_dim=512, dropout=0.0, ffn_dropout=0.0, attn_fn=SeparableSelfAttention(
      (qkv_proj): Conv2d(256, 513, kernel_size=(1, 1), stride=(1, 1))
      (attn_dropout): Dropout(p=0.0, inplace=False)
      (out_proj): Conv2d(256, 256, kernel_size=(1, 1), stride=(1, 1))
    ), norm_layer=layer_norm_2d)
    		 LinearAttnFFN(embed_dim=256, ffn_dim=512, dropout=0.0, ffn_dropout=0.0, attn_fn=SeparableSelfAttention(
      (qkv_proj): Conv2d(256, 513, kernel_size=(1, 1), stride=(1, 1))
      (attn_dropout): Dropout(p=0.0, inplace=False)
      (out_proj): Conv2d(256, 256, kernel_size=(1, 1), stride=(1, 1))
    ), norm_layer=layer_norm_2d)
    		 LayerNorm2d(1, 256, eps=1e-05, affine=True)
    		 Conv2d(256, 256, kernel_size=(1, 1), stride=(1, 1))
    		 BatchNorm2d(256, eps=1e-05, momentum=0.1, affine=True, track_running_stats=True)
    )
  )
  (conv_1x1_exp): Sequential(
    (0): Conv2d(256, 960, kernel_size=(1, 1), stride=(1, 1))
    (1): BatchNorm2d(960, eps=1e-05, momentum=0.1, affine=True, track_running_stats=True)
    (2): ReLU()
  )
  (classifier): Sequential(
    (0): GlobalPool(type=mean)
    (1): Linear(in_features=960, out_features=5, bias=True)
  )
)
INFO - Overall parameters=   2.511M
INFO - Overall MACs (Thop)**=   388.8M
INFO - Overall FLOPs (Thop)**=   777.6M
INFO - Model EMA decay 0.9999968743797181
INFO -  * Acc@1 19.125 Acc@5 100.000
INFO - Accuracy of the ema network on the 800 test images: 19.1%
INFO - Start training
INFO - Train: [1/300][100/100]	eta 0:00:00 lr 0.000002	time 0.0930 (0.1022)	loss 1.6541 (1.6305)	grad_norm 3.2759 (2.8896)	mem 1214MB
INFO - EPOCH 1 training takes 0:00:10
INFO -  * Acc@1 19.375 Acc@5 100.000
INFO - Accuracy of the network on the 800 test images: 19.4%
INFO -  * Acc@1 19.125 Acc@5 100.000
INFO - Accuracy of the ema network on the 800 test images: 19.1%
INFO - Max accuracy: 19.38%
INFO - Max ema accuracy: 19.12%
INFO - Train: [2/300][100/100]	eta 0:00:00 lr 0.000003	time 0.0962 (0.1017)	loss 1.6329 (1.6210)	grad_norm 3.6306 (2.8305)	mem 1214MB
INFO - EPOCH 2 training takes 0:00:10
INFO -  * Acc@1 20.125 Acc@5 100.000
INFO - Accuracy of the network on the 800 test images: 20.1%
INFO -  * Acc@1 19.125 Acc@5 100.000
INFO - Accuracy of the ema network on the 800 test images: 19.1%
INFO - Max accuracy: 20.12%
INFO - Max ema accuracy: 19.12%
INFO - Train: [3/300][100/100]	eta 0:00:00 lr 0.000005	time 0.0936 (0.1018)	loss 1.6148 (1.5943)	grad_norm 2.8529 (2.8313)	mem 1214MB
INFO - EPOCH 3 training takes 0:00:10
INFO -  * Acc@1 32.750 Acc@5 100.000
INFO - Accuracy of the network on the 800 test images: 32.8%
INFO -  * Acc@1 19.125 Acc@5 100.000
INFO - Accuracy of the ema network on the 800 test images: 19.1%
INFO - Max accuracy: 32.75%
INFO - Max ema accuracy: 19.12%
INFO - Train: [4/300][100/100]	eta 0:00:00 lr 0.000006	time 0.0900 (0.1028)	loss 1.5336 (1.5592)	grad_norm 3.5110 (2.9490)	mem 1214MB
INFO - EPOCH 4 training takes 0:00:10
INFO -  * Acc@1 36.250 Acc@5 100.000
INFO - Accuracy of the network on the 800 test images: 36.2%
INFO -  * Acc@1 19.125 Acc@5 100.000
INFO - Accuracy of the ema network on the 800 test images: 19.1%
INFO - Max accuracy: 36.25%
INFO - Max ema accuracy: 19.12%
INFO - Train: [5/300][100/100]	eta 0:00:00 lr 0.000008	time 0.0908 (0.1020)	loss 1.5350 (1.5382)	grad_norm 3.3337 (3.0835)	mem 1214MB
INFO - EPOCH 5 training takes 0:00:10
INFO -  * Acc@1 39.125 Acc@5 100.000
INFO - Accuracy of the network on the 800 test images: 39.1%
INFO -  * Acc@1 19.125 Acc@5 100.000
INFO - Accuracy of the ema network on the 800 test images: 19.1%
INFO - Max accuracy: 39.12%
INFO - Max ema accuracy: 19.12%
INFO - Train: [6/300][100/100]	eta 0:00:00 lr 0.000009	time 0.0950 (0.1024)	loss 1.4669 (1.5158)	grad_norm 3.2679 (3.1191)	mem 1214MB
INFO - EPOCH 6 training takes 0:00:10
INFO -  * Acc@1 41.125 Acc@5 100.000
INFO - Accuracy of the network on the 800 test images: 41.1%
INFO -  * Acc@1 19.125 Acc@5 100.000
INFO - Accuracy of the ema network on the 800 test images: 19.1%
INFO - Max accuracy: 41.12%
INFO - Max ema accuracy: 19.12%
INFO - Train: [7/300][100/100]	eta 0:00:00 lr 0.000011	time 0.0944 (0.1030)	loss 1.5140 (1.5058)	grad_norm 3.0884 (3.1973)	mem 1214MB
INFO - EPOCH 7 training takes 0:00:10
INFO -  * Acc@1 43.750 Acc@5 100.000
INFO - Accuracy of the network on the 800 test images: 43.8%
INFO -  * Acc@1 19.125 Acc@5 100.000
INFO - Accuracy of the ema network on the 800 test images: 19.1%
INFO - Max accuracy: 43.75%
INFO - Max ema accuracy: 19.12%
INFO - Train: [8/300][100/100]	eta 0:00:00 lr 0.000013	time 0.0936 (0.1022)	loss 1.5639 (1.5031)	grad_norm 3.1791 (3.3171)	mem 1214MB
INFO - EPOCH 8 training takes 0:00:10
INFO -  * Acc@1 43.625 Acc@5 100.000
INFO - Accuracy of the network on the 800 test images: 43.6%
INFO -  * Acc@1 19.125 Acc@5 100.000
INFO - Accuracy of the ema network on the 800 test images: 19.1%
INFO - Max accuracy: 43.75%
INFO - Max ema accuracy: 19.12%
INFO - Train: [9/300][100/100]	eta 0:00:00 lr 0.000014	time 0.0936 (0.1003)	loss 1.4751 (1.4766)	grad_norm 3.2243 (3.5565)	mem 1214MB
INFO - EPOCH 9 training takes 0:00:10
INFO -  * Acc@1 46.500 Acc@5 100.000
INFO - Accuracy of the network on the 800 test images: 46.5%
INFO -  * Acc@1 19.125 Acc@5 100.000
INFO - Accuracy of the ema network on the 800 test images: 19.1%
INFO - Max accuracy: 46.50%
INFO - Max ema accuracy: 19.12%
